This is pdfTeX, Version 3.141592653-2.6-1.40.25 (TeX Live 2023) (preloaded format=pdflatex 2023.10.30)  9 NOV 2023 21:12
entering extended mode
 restricted \write18 enabled.
 file:line:error style messages enabled.
 %&-line parsing enabled.
**"g:/GitHub repositories/CPEN221/summary/Summary of CPEN 221.tex"
(g:/GitHub repositories/CPEN221/summary/Summary of CPEN 221.tex
LaTeX2e <2023-06-01> patch level 1
L3 programming layer <2023-10-23>
(c:/texlive/2023/texmf-dist/tex/latex/base/article.cls
Document Class: article 2023/05/17 v1.4n Standard LaTeX document class
(c:/texlive/2023/texmf-dist/tex/latex/base/size12.clo
File: size12.clo 2023/05/17 v1.4n Standard LaTeX file (size option)
)
\c@part=\count186
\c@section=\count187
\c@subsection=\count188
\c@subsubsection=\count189
\c@paragraph=\count190
\c@subparagraph=\count191
\c@figure=\count192
\c@table=\count193
\abovecaptionskip=\skip48
\belowcaptionskip=\skip49
\bibindent=\dimen140
) (c:/texlive/2023/texmf-dist/tex/latex/fancyhdr/fancyhdr.sty
Package: fancyhdr 2022/11/09 v4.1 Extensive control of page headers and footers
\f@nch@headwidth=\skip50
\f@nch@O@elh=\skip51
\f@nch@O@erh=\skip52
\f@nch@O@olh=\skip53
\f@nch@O@orh=\skip54
\f@nch@O@elf=\skip55
\f@nch@O@erf=\skip56
\f@nch@O@olf=\skip57
\f@nch@O@orf=\skip58
) (c:/texlive/2023/texmf-dist/tex/latex/lipsum/lipsum.sty (c:/texlive/2023/texmf-dist/tex/latex/l3packages/l3keys2e/l3keys2e.sty (c:/texlive/2023/texmf-dist/tex/latex/l3kernel/expl3.sty
Package: expl3 2023-10-23 L3 programming layer (loader) 
 (c:/texlive/2023/texmf-dist/tex/latex/l3backend/l3backend-pdftex.def
File: l3backend-pdftex.def 2023-10-23 L3 backend support: PDF output (pdfTeX)
\l__color_backend_stack_int=\count194
\l__pdf_internal_box=\box51
))
Package: l3keys2e 2023-10-10 LaTeX2e option processing using LaTeX3 keys
)
Package: lipsum 2021-09-20 v2.7 150 paragraphs of Lorem Ipsum dummy text
\g__lipsum_par_int=\count195
\l__lipsum_a_int=\count196
\l__lipsum_b_int=\count197
 (c:/texlive/2023/texmf-dist/tex/latex/lipsum/lipsum.ltd.tex)) (c:/texlive/2023/texmf-dist/tex/latex/graphics/graphicx.sty
Package: graphicx 2021/09/16 v1.2d Enhanced LaTeX Graphics (DPC,SPQR)
 (c:/texlive/2023/texmf-dist/tex/latex/graphics/keyval.sty
Package: keyval 2022/05/29 v1.15 key=value parser (DPC)
\KV@toks@=\toks17
) (c:/texlive/2023/texmf-dist/tex/latex/graphics/graphics.sty
Package: graphics 2022/03/10 v1.4e Standard LaTeX Graphics (DPC,SPQR)
 (c:/texlive/2023/texmf-dist/tex/latex/graphics/trig.sty
Package: trig 2021/08/11 v1.11 sin cos tan (DPC)
) (c:/texlive/2023/texmf-dist/tex/latex/graphics-cfg/graphics.cfg
File: graphics.cfg 2016/06/04 v1.11 sample graphics configuration
)
Package graphics Info: Driver file: pdftex.def on input line 107.
 (c:/texlive/2023/texmf-dist/tex/latex/graphics-def/pdftex.def
File: pdftex.def 2022/09/22 v1.2b Graphics/color driver for pdftex
))
\Gin@req@height=\dimen141
\Gin@req@width=\dimen142
) (c:/texlive/2023/texmf-dist/tex/latex/amsmath/amsmath.sty
Package: amsmath 2023/05/13 v2.17o AMS math features
\@mathmargin=\skip59

For additional information on amsmath, use the `?' option.
(c:/texlive/2023/texmf-dist/tex/latex/amsmath/amstext.sty
Package: amstext 2021/08/26 v2.01 AMS text
 (c:/texlive/2023/texmf-dist/tex/latex/amsmath/amsgen.sty
File: amsgen.sty 1999/11/30 v2.0 generic functions
\@emptytoks=\toks18
\ex@=\dimen143
)) (c:/texlive/2023/texmf-dist/tex/latex/amsmath/amsbsy.sty
Package: amsbsy 1999/11/29 v1.2d Bold Symbols
\pmbraise@=\dimen144
) (c:/texlive/2023/texmf-dist/tex/latex/amsmath/amsopn.sty
Package: amsopn 2022/04/08 v2.04 operator names
)
\inf@bad=\count198
LaTeX Info: Redefining \frac on input line 234.
\uproot@=\count199
\leftroot@=\count266
LaTeX Info: Redefining \overline on input line 399.
LaTeX Info: Redefining \colon on input line 410.
\classnum@=\count267
\DOTSCASE@=\count268
LaTeX Info: Redefining \ldots on input line 496.
LaTeX Info: Redefining \dots on input line 499.
LaTeX Info: Redefining \cdots on input line 620.
\Mathstrutbox@=\box52
\strutbox@=\box53
LaTeX Info: Redefining \big on input line 722.
LaTeX Info: Redefining \Big on input line 723.
LaTeX Info: Redefining \bigg on input line 724.
LaTeX Info: Redefining \Bigg on input line 725.
\big@size=\dimen145
LaTeX Font Info:    Redeclaring font encoding OML on input line 743.
LaTeX Font Info:    Redeclaring font encoding OMS on input line 744.
\macc@depth=\count269
LaTeX Info: Redefining \bmod on input line 905.
LaTeX Info: Redefining \pmod on input line 910.
LaTeX Info: Redefining \smash on input line 940.
LaTeX Info: Redefining \relbar on input line 970.
LaTeX Info: Redefining \Relbar on input line 971.
\c@MaxMatrixCols=\count270
\dotsspace@=\muskip16
\c@parentequation=\count271
\dspbrk@lvl=\count272
\tag@help=\toks19
\row@=\count273
\column@=\count274
\maxfields@=\count275
\andhelp@=\toks20
\eqnshift@=\dimen146
\alignsep@=\dimen147
\tagshift@=\dimen148
\tagwidth@=\dimen149
\totwidth@=\dimen150
\lineht@=\dimen151
\@envbody=\toks21
\multlinegap=\skip60
\multlinetaggap=\skip61
\mathdisplay@stack=\toks22
LaTeX Info: Redefining \[ on input line 2953.
LaTeX Info: Redefining \] on input line 2954.
) (c:/texlive/2023/texmf-dist/tex/latex/amsfonts/amsfonts.sty
Package: amsfonts 2013/01/14 v3.01 Basic AMSFonts support
\symAMSa=\mathgroup4
\symAMSb=\mathgroup5
LaTeX Font Info:    Redeclaring math symbol \hbar on input line 98.
LaTeX Font Info:    Overwriting math alphabet `\mathfrak' in version `bold'
(Font)                  U/euf/m/n --> U/euf/b/n on input line 106.
) (c:/texlive/2023/texmf-dist/tex/latex/amsfonts/amssymb.sty
Package: amssymb 2013/01/14 v3.01 AMS font symbols
) (c:/texlive/2023/texmf-dist/tex/latex/ragged2e/ragged2e.sty
Package: ragged2e 2023/06/22 v3.6 ragged2e Package
\CenteringLeftskip=\skip62
\RaggedLeftLeftskip=\skip63
\RaggedRightLeftskip=\skip64
\CenteringRightskip=\skip65
\RaggedLeftRightskip=\skip66
\RaggedRightRightskip=\skip67
\CenteringParfillskip=\skip68
\RaggedLeftParfillskip=\skip69
\RaggedRightParfillskip=\skip70
\JustifyingParfillskip=\skip71
\CenteringParindent=\skip72
\RaggedLeftParindent=\skip73
\RaggedRightParindent=\skip74
\JustifyingParindent=\skip75
) (./Summary of CPEN 221.aux)
\openout1 = `"Summary of CPEN 221.aux"'.

LaTeX Font Info:    Checking defaults for OML/cmm/m/it on input line 17.
LaTeX Font Info:    ... okay on input line 17.
LaTeX Font Info:    Checking defaults for OMS/cmsy/m/n on input line 17.
LaTeX Font Info:    ... okay on input line 17.
LaTeX Font Info:    Checking defaults for OT1/cmr/m/n on input line 17.
LaTeX Font Info:    ... okay on input line 17.
LaTeX Font Info:    Checking defaults for T1/cmr/m/n on input line 17.
LaTeX Font Info:    ... okay on input line 17.
LaTeX Font Info:    Checking defaults for TS1/cmr/m/n on input line 17.
LaTeX Font Info:    ... okay on input line 17.
LaTeX Font Info:    Checking defaults for OMX/cmex/m/n on input line 17.
LaTeX Font Info:    ... okay on input line 17.
LaTeX Font Info:    Checking defaults for U/cmr/m/n on input line 17.
LaTeX Font Info:    ... okay on input line 17.
 (c:/texlive/2023/texmf-dist/tex/context/base/mkii/supp-pdf.mkii
[Loading MPS to PDF converter (version 2006.09.02).]
\scratchcounter=\count276
\scratchdimen=\dimen152
\scratchbox=\box54
\nofMPsegments=\count277
\nofMParguments=\count278
\everyMPshowfont=\toks23
\MPscratchCnt=\count279
\MPscratchDim=\dimen153
\MPnumerator=\count280
\makeMPintoPDFobject=\count281
\everyMPtoPDFconversion=\toks24
) (c:/texlive/2023/texmf-dist/tex/latex/epstopdf-pkg/epstopdf-base.sty
Package: epstopdf-base 2020-01-24 v2.11 Base part for package epstopdf
Package epstopdf-base Info: Redefining graphics rule for `.eps' on input line 485.
 (c:/texlive/2023/texmf-dist/tex/latex/latexconfig/epstopdf-sys.cfg
File: epstopdf-sys.cfg 2010/07/13 v1.3 Configuration of (r)epstopdf for TeX Live
))
LaTeX Font Info:    Trying to load font information for U+msa on input line 19.
 (c:/texlive/2023/texmf-dist/tex/latex/amsfonts/umsa.fd
File: umsa.fd 2013/01/14 v3.01 AMS symbols A
)
LaTeX Font Info:    Trying to load font information for U+msb on input line 19.
 (c:/texlive/2023/texmf-dist/tex/latex/amsfonts/umsb.fd
File: umsb.fd 2013/01/14 v3.01 AMS symbols B
) [1{c:/texlive/2023/texmf-var/fonts/map/pdftex/updmap/pdftex.map}

{c:/texlive/2023/texmf-dist/fonts/enc/dvips/cm-super/cm-super-ts1.enc}] [2]
<./summary_image/Throw_Hierarchy.png, id=13, 343.2825pt x 221.02576pt>
File: ./summary_image/Throw_Hierarchy.png Graphic file (type png)
<use ./summary_image/Throw_Hierarchy.png>
Package pdftex.def Info: ./summary_image/Throw_Hierarchy.png  used on input line 85.
(pdftex.def)             Requested size: 343.28165pt x 221.0252pt.
 [3 <./summary_image/Throw_Hierarchy.png>] [4]
<./summary_image/Stack_frame.png, id=22, 1197.47375pt x 828.09375pt>
File: ./summary_image/Stack_frame.png Graphic file (type png)
<use ./summary_image/Stack_frame.png>
Package pdftex.def Info: ./summary_image/Stack_frame.png  used on input line 148.
(pdftex.def)             Requested size: 359.24489pt x 248.43004pt.
 [5 <./summary_image/Stack_frame.png>] [6]
<./summary_image/Partitioning example.png, id=33, 328.8285pt x 352.9185pt>
File: ./summary_image/Partitioning example.png Graphic file (type png)
<use ./summary_image/Partitioning example.png>
Package pdftex.def Info: ./summary_image/Partitioning example.png  used on input line 223.
(pdftex.def)             Requested size: 328.8277pt x 352.91763pt.
 [7 <./summary_image/Partitioning example.png>] [8] [9] [10] [11] [12]
<./summary_image/Binary Search.png, id=58, 514.92375pt x 355.3275pt>
File: ./summary_image/Binary Search.png Graphic file (type png)
<use ./summary_image/Binary Search.png>
Package pdftex.def Info: ./summary_image/Binary Search.png  used on input line 455.
(pdftex.def)             Requested size: 360.44417pt x 248.72754pt.
 [13] [14 <./summary_image/Binary Search.png>]
<./summary_image/Access level control.png, id=70, 210.18526pt x 107.80275pt>
File: ./summary_image/Access level control.png Graphic file (type png)
<use ./summary_image/Access level control.png>
Package pdftex.def Info: ./summary_image/Access level control.png  used on input line 500.
(pdftex.def)             Requested size: 210.18474pt x 107.80247pt.
 [15 <./summary_image/Access level control.png>] [16]
LaTeX Font Info:    Trying to load font information for OMS+cmr on input line 590.
 (c:/texlive/2023/texmf-dist/tex/latex/base/omscmr.fd
File: omscmr.fd 2023/04/13 v2.5m Standard LaTeX font definitions
)
LaTeX Font Info:    Font shape `OMS/cmr/m/n' in size <12> not available
(Font)              Font shape `OMS/cmsy/m/n' tried instead on input line 590.
 [17] [18] [19]
<./summary_image/Abstract Function Illustration.png, id=90, 401.70074pt x 287.27325pt>
File: ./summary_image/Abstract Function Illustration.png Graphic file (type png)
<use ./summary_image/Abstract Function Illustration.png>
Package pdftex.def Info: ./summary_image/Abstract Function Illustration.png  used on input line 693.
(pdftex.def)             Requested size: 321.36102pt x 229.81891pt.
<./summary_image/RI and AF example.png, id=92, 397.485pt x 474.573pt>
File: ./summary_image/RI and AF example.png Graphic file (type png)
<use ./summary_image/RI and AF example.png>
Package pdftex.def Info: ./summary_image/RI and AF example.png  used on input line 704.
(pdftex.def)             Requested size: 357.73318pt x 427.11176pt.
 [20 <./summary_image/Abstract Function Illustration.png>] [21 <./summary_image/RI and AF example.png>] [22] [23] [24]
<./summary_image/Java Subtpying Ganruntee.png, id=113, 320.397pt x 34.32825pt>
File: ./summary_image/Java Subtpying Ganruntee.png Graphic file (type png)
<use ./summary_image/Java Subtpying Ganruntee.png>
Package pdftex.def Info: ./summary_image/Java Subtpying Ganruntee.png  used on input line 852.
(pdftex.def)             Requested size: 320.39621pt x 34.32814pt.
 [25 <./summary_image/Java Subtpying Ganruntee.png>]
<./summary_image/Lambda Calculus Example.png, id=121, 257.16075pt x 60.82726pt>
File: ./summary_image/Lambda Calculus Example.png Graphic file (type png)
<use ./summary_image/Lambda Calculus Example.png>
Package pdftex.def Info: ./summary_image/Lambda Calculus Example.png  used on input line 889.
(pdftex.def)             Requested size: 257.16011pt x 60.8271pt.
 [26 <./summary_image/Lambda Calculus Example.png>]
<./summary_image/Streams example.png, id=128, 452.892pt x 157.7895pt>
File: ./summary_image/Streams example.png Graphic file (type png)
<use ./summary_image/Streams example.png>
Package pdftex.def Info: ./summary_image/Streams example.png  used on input line 909.
(pdftex.def)             Requested size: 317.02223pt x 110.45189pt.
<./summary_image/Streams Reading example.png, id=130, 558.28575pt x 357.7365pt>
File: ./summary_image/Streams Reading example.png Graphic file (type png)
<use ./summary_image/Streams Reading example.png>
Package pdftex.def Info: ./summary_image/Streams Reading example.png  used on input line 917.
(pdftex.def)             Requested size: 334.97403pt x 214.64354pt.
 [27 <./summary_image/Streams example.png> <./summary_image/Streams Reading example.png>]
<summary_image/Map def.jpg, id=139, 240.9pt x 39.14626pt>
File: summary_image/Map def.jpg Graphic file (type jpg)
<use summary_image/Map def.jpg>
Package pdftex.def Info: summary_image/Map def.jpg  used on input line 959.
(pdftex.def)             Requested size: 240.8994pt x 39.14615pt.
 [28 <./summary_image/Map def.jpg>]
<summary_image/Map java example.jpg, id=145, 362.10281pt x 103.13531pt>
File: summary_image/Map java example.jpg Graphic file (type jpg)
<use summary_image/Map java example.jpg>
Package pdftex.def Info: summary_image/Map java example.jpg  used on input line 963.
(pdftex.def)             Requested size: 362.10191pt x 103.13504pt.

Overfull \hbox (1.47661pt too wide) in paragraph at lines 963--964
[][] 
 []

<summary_image/filter def.jpg, id=147, 357.58594pt x 97.11281pt>
File: summary_image/filter def.jpg Graphic file (type jpg)
<use summary_image/filter def.jpg>
Package pdftex.def Info: summary_image/filter def.jpg  used on input line 975.
(pdftex.def)             Requested size: 357.58505pt x 97.11256pt.
[29 <./summary_image/Map java example.jpg> <./summary_image/filter def.jpg>] [30] (./Summary of CPEN 221.aux)
 ***********
LaTeX2e <2023-06-01> patch level 1
L3 programming layer <2023-10-23>
 ***********
 ) 
Here is how much of TeX's memory you used:
 3381 strings out of 474397
 56201 string characters out of 5754184
 1930036 words of memory out of 5000000
 25433 multiletter control sequences out of 15000+600000
 568137 words of font info for 74 fonts, out of 8000000 for 9000
 1141 hyphenation exceptions out of 8191
 79i,12n,93p,320b,283s stack positions out of 10000i,1000n,20000p,200000b,200000s
<c:/texlive/2023/texmf-dist/fonts/type1/public/amsfonts/cm/cmbx12.pfb><c:/texlive/2023/texmf-dist/fonts/type1/public/amsfonts/cm/cmmi12.pfb><c:/texlive/2023/texmf-dist/fonts/type1/public/amsfonts/cm/cmmi8.pfb><c:/texlive/2023/texmf-dist/fonts/type1/public/amsfonts/cm/cmr12.pfb><c:/texlive/2023/texmf-dist/fonts/type1/public/amsfonts/cm/cmr17.pfb><c:/texlive/2023/texmf-dist/fonts/type1/public/amsfonts/cm/cmsy10.pfb><c:/texlive/2023/texmf-dist/fonts/type1/public/amsfonts/cm/cmti12.pfb><c:/texlive/2023/texmf-dist/fonts/type1/public/cm-super/sfrm1200.pfb>
Output written on "Summary of CPEN 221.pdf" (30 pages, 1049390 bytes).
PDF statistics:
 194 PDF objects out of 1000 (max. 8388607)
 106 compressed objects within 2 object streams
 0 named destinations out of 1000 (max. 500000)
 149 words of extra memory for PDF output out of 10000 (max. 10000000)

