This is pdfTeX, Version 3.141592653-2.6-1.40.25 (TeX Live 2023) (preloaded format=pdflatex 2023.9.17)  11 JAN 2024 13:54
entering extended mode
 restricted \write18 enabled.
 file:line:error style messages enabled.
 %&-line parsing enabled.
**c:/Users/10054/OneDrive/luckunately.github.io/CPEN411/Summary/CPEN411_summary.tex
(c:/Users/10054/OneDrive/luckunately.github.io/CPEN411/Summary/CPEN411_summary.tex
LaTeX2e <2023-06-01> patch level 1
L3 programming layer <2023-08-29>
(e:/TeX live/texlive/2023/texmf-dist/tex/latex/base/article.cls
Document Class: article 2023/05/17 v1.4n Standard LaTeX document class
(e:/TeX live/texlive/2023/texmf-dist/tex/latex/base/size12.clo
File: size12.clo 2023/05/17 v1.4n Standard LaTeX file (size option)
)
\c@part=\count185
\c@section=\count186
\c@subsection=\count187
\c@subsubsection=\count188
\c@paragraph=\count189
\c@subparagraph=\count190
\c@figure=\count191
\c@table=\count192
\abovecaptionskip=\skip48
\belowcaptionskip=\skip49
\bibindent=\dimen140
) (e:/TeX live/texlive/2023/texmf-dist/tex/latex/a4wide/a4wide.sty
Package: a4wide 1994/08/30
 (e:/TeX live/texlive/2023/texmf-dist/tex/latex/ntgclass/a4.sty
Package: a4 2023/01/10 v1.2g A4 based page layout
)) (e:/TeX live/texlive/2023/texmf-dist/tex/latex/listings/listings.sty (e:/TeX live/texlive/2023/texmf-dist/tex/latex/graphics/keyval.sty
Package: keyval 2022/05/29 v1.15 key=value parser (DPC)
\KV@toks@=\toks17
)
\lst@mode=\count193
\lst@gtempboxa=\box51
\lst@token=\toks18
\lst@length=\count194
\lst@currlwidth=\dimen141
\lst@column=\count195
\lst@pos=\count196
\lst@lostspace=\dimen142
\lst@width=\dimen143
\lst@newlines=\count197
\lst@lineno=\count198
\lst@maxwidth=\dimen144
 (e:/TeX live/texlive/2023/texmf-dist/tex/latex/listings/lstmisc.sty
File: lstmisc.sty 2023/02/27 1.9 (Carsten Heinz)
\c@lstnumber=\count199
\lst@skipnumbers=\count266
\lst@framebox=\box52
) (e:/TeX live/texlive/2023/texmf-dist/tex/latex/listings/listings.cfg
File: listings.cfg 2023/02/27 1.9 listings configuration
))
Package: listings 2023/02/27 1.9 (Carsten Heinz)
 (e:/TeX live/texlive/2023/texmf-dist/tex/latex/fancyhdr/fancyhdr.sty
Package: fancyhdr 2022/11/09 v4.1 Extensive control of page headers and footers
\f@nch@headwidth=\skip50
\f@nch@O@elh=\skip51
\f@nch@O@erh=\skip52
\f@nch@O@olh=\skip53
\f@nch@O@orh=\skip54
\f@nch@O@elf=\skip55
\f@nch@O@erf=\skip56
\f@nch@O@olf=\skip57
\f@nch@O@orf=\skip58
) (e:/TeX live/texlive/2023/texmf-dist/tex/latex/lipsum/lipsum.sty (e:/TeX live/texlive/2023/texmf-dist/tex/latex/l3packages/l3keys2e/l3keys2e.sty (e:/TeX live/texlive/2023/texmf-dist/tex/latex/l3kernel/expl3.sty
Package: expl3 2023-08-29 L3 programming layer (loader) 
 (e:/TeX live/texlive/2023/texmf-dist/tex/latex/l3backend/l3backend-pdftex.def
File: l3backend-pdftex.def 2023-04-19 L3 backend support: PDF output (pdfTeX)
\l__color_backend_stack_int=\count267
\l__pdf_internal_box=\box53
))
Package: l3keys2e 2023-08-29 LaTeX2e option processing using LaTeX3 keys
)
Package: lipsum 2021-09-20 v2.7 150 paragraphs of Lorem Ipsum dummy text
\g__lipsum_par_int=\count268
\l__lipsum_a_int=\count269
\l__lipsum_b_int=\count270
 (e:/TeX live/texlive/2023/texmf-dist/tex/latex/lipsum/lipsum.ltd.tex)) (e:/TeX live/texlive/2023/texmf-dist/tex/latex/graphics/graphicx.sty
Package: graphicx 2021/09/16 v1.2d Enhanced LaTeX Graphics (DPC,SPQR)
 (e:/TeX live/texlive/2023/texmf-dist/tex/latex/graphics/graphics.sty
Package: graphics 2022/03/10 v1.4e Standard LaTeX Graphics (DPC,SPQR)
 (e:/TeX live/texlive/2023/texmf-dist/tex/latex/graphics/trig.sty
Package: trig 2021/08/11 v1.11 sin cos tan (DPC)
) (e:/TeX live/texlive/2023/texmf-dist/tex/latex/graphics-cfg/graphics.cfg
File: graphics.cfg 2016/06/04 v1.11 sample graphics configuration
)
Package graphics Info: Driver file: pdftex.def on input line 107.
 (e:/TeX live/texlive/2023/texmf-dist/tex/latex/graphics-def/pdftex.def
File: pdftex.def 2022/09/22 v1.2b Graphics/color driver for pdftex
))
\Gin@req@height=\dimen145
\Gin@req@width=\dimen146
) (e:/TeX live/texlive/2023/texmf-dist/tex/latex/bookmark/bookmark.sty
Package: bookmark 2020-11-06 v1.29 PDF bookmarks (HO)
 (e:/TeX live/texlive/2023/texmf-dist/tex/latex/hyperref/hyperref.sty
Package: hyperref 2023-07-08 v7.01b Hypertext links for LaTeX
 (e:/TeX live/texlive/2023/texmf-dist/tex/generic/ltxcmds/ltxcmds.sty
Package: ltxcmds 2020-05-10 v1.25 LaTeX kernel commands for general use (HO)
) (e:/TeX live/texlive/2023/texmf-dist/tex/generic/iftex/iftex.sty
Package: iftex 2022/02/03 v1.0f TeX engine tests
) (e:/TeX live/texlive/2023/texmf-dist/tex/generic/pdftexcmds/pdftexcmds.sty
Package: pdftexcmds 2020-06-27 v0.33 Utility functions of pdfTeX for LuaTeX (HO)
 (e:/TeX live/texlive/2023/texmf-dist/tex/generic/infwarerr/infwarerr.sty
Package: infwarerr 2019/12/03 v1.5 Providing info/warning/error messages (HO)
)
Package pdftexcmds Info: \pdf@primitive is available.
Package pdftexcmds Info: \pdf@ifprimitive is available.
Package pdftexcmds Info: \pdfdraftmode found.
) (e:/TeX live/texlive/2023/texmf-dist/tex/latex/kvsetkeys/kvsetkeys.sty
Package: kvsetkeys 2022-10-05 v1.19 Key value parser (HO)
) (e:/TeX live/texlive/2023/texmf-dist/tex/generic/kvdefinekeys/kvdefinekeys.sty
Package: kvdefinekeys 2019-12-19 v1.6 Define keys (HO)
) (e:/TeX live/texlive/2023/texmf-dist/tex/generic/pdfescape/pdfescape.sty
Package: pdfescape 2019/12/09 v1.15 Implements pdfTeX's escape features (HO)
) (e:/TeX live/texlive/2023/texmf-dist/tex/latex/hycolor/hycolor.sty
Package: hycolor 2020-01-27 v1.10 Color options for hyperref/bookmark (HO)
) (e:/TeX live/texlive/2023/texmf-dist/tex/latex/letltxmacro/letltxmacro.sty
Package: letltxmacro 2019/12/03 v1.6 Let assignment for LaTeX macros (HO)
) (e:/TeX live/texlive/2023/texmf-dist/tex/latex/auxhook/auxhook.sty
Package: auxhook 2019-12-17 v1.6 Hooks for auxiliary files (HO)
) (e:/TeX live/texlive/2023/texmf-dist/tex/latex/hyperref/nameref.sty
Package: nameref 2023-08-07 v2.53 Cross-referencing by name of section
 (e:/TeX live/texlive/2023/texmf-dist/tex/latex/refcount/refcount.sty
Package: refcount 2019/12/15 v3.6 Data extraction from label references (HO)
) (e:/TeX live/texlive/2023/texmf-dist/tex/generic/gettitlestring/gettitlestring.sty
Package: gettitlestring 2019/12/15 v1.6 Cleanup title references (HO)
 (e:/TeX live/texlive/2023/texmf-dist/tex/latex/kvoptions/kvoptions.sty
Package: kvoptions 2022-06-15 v3.15 Key value format for package options (HO)
))
\c@section@level=\count271
) (e:/TeX live/texlive/2023/texmf-dist/tex/latex/etoolbox/etoolbox.sty
Package: etoolbox 2020/10/05 v2.5k e-TeX tools for LaTeX (JAW)
\etb@tempcnta=\count272
)
\@linkdim=\dimen147
\Hy@linkcounter=\count273
\Hy@pagecounter=\count274
 (e:/TeX live/texlive/2023/texmf-dist/tex/latex/hyperref/pd1enc.def
File: pd1enc.def 2023-07-08 v7.01b Hyperref: PDFDocEncoding definition (HO)
Now handling font encoding PD1 ...
... no UTF-8 mapping file for font encoding PD1
) (e:/TeX live/texlive/2023/texmf-dist/tex/generic/intcalc/intcalc.sty
Package: intcalc 2019/12/15 v1.3 Expandable calculations with integers (HO)
)
\Hy@SavedSpaceFactor=\count275
 (e:/TeX live/texlive/2023/texmf-dist/tex/latex/hyperref/puenc.def
File: puenc.def 2023-07-08 v7.01b Hyperref: PDF Unicode definition (HO)
Now handling font encoding PU ...
... no UTF-8 mapping file for font encoding PU
)
Package hyperref Info: Hyper figures OFF on input line 4167.
Package hyperref Info: Link nesting OFF on input line 4172.
Package hyperref Info: Hyper index ON on input line 4175.
Package hyperref Info: Plain pages OFF on input line 4182.
Package hyperref Info: Backreferencing OFF on input line 4187.
Package hyperref Info: Implicit mode ON; LaTeX internals redefined.
Package hyperref Info: Bookmarks ON on input line 4434.
\c@Hy@tempcnt=\count276
 (e:/TeX live/texlive/2023/texmf-dist/tex/latex/url/url.sty
\Urlmuskip=\muskip16
Package: url 2013/09/16  ver 3.4  Verb mode for urls, etc.
)
LaTeX Info: Redefining \url on input line 4772.
\XeTeXLinkMargin=\dimen148
 (e:/TeX live/texlive/2023/texmf-dist/tex/generic/bitset/bitset.sty
Package: bitset 2019/12/09 v1.3 Handle bit-vector datatype (HO)
 (e:/TeX live/texlive/2023/texmf-dist/tex/generic/bigintcalc/bigintcalc.sty
Package: bigintcalc 2019/12/15 v1.5 Expandable calculations on big integers (HO)
))
\Fld@menulength=\count277
\Field@Width=\dimen149
\Fld@charsize=\dimen150
Package hyperref Info: Hyper figures OFF on input line 6051.
Package hyperref Info: Link nesting OFF on input line 6056.
Package hyperref Info: Hyper index ON on input line 6059.
Package hyperref Info: backreferencing OFF on input line 6066.
Package hyperref Info: Link coloring OFF on input line 6071.
Package hyperref Info: Link coloring with OCG OFF on input line 6076.
Package hyperref Info: PDF/A mode OFF on input line 6081.
 (e:/TeX live/texlive/2023/texmf-dist/tex/latex/base/atbegshi-ltx.sty
Package: atbegshi-ltx 2021/01/10 v1.0c Emulation of the original atbegshi
package with kernel methods
)
\Hy@abspage=\count278
\c@Item=\count279
\c@Hfootnote=\count280
)
Package hyperref Info: Driver (autodetected): hpdftex.
 (e:/TeX live/texlive/2023/texmf-dist/tex/latex/hyperref/hpdftex.def
File: hpdftex.def 2023-07-08 v7.01b Hyperref driver for pdfTeX
 (e:/TeX live/texlive/2023/texmf-dist/tex/latex/base/atveryend-ltx.sty
Package: atveryend-ltx 2020/08/19 v1.0a Emulation of the original atveryend package
with kernel methods
)
\Fld@listcount=\count281
\c@bookmark@seq@number=\count282
 (e:/TeX live/texlive/2023/texmf-dist/tex/latex/rerunfilecheck/rerunfilecheck.sty
Package: rerunfilecheck 2022-07-10 v1.10 Rerun checks for auxiliary files (HO)
 (e:/TeX live/texlive/2023/texmf-dist/tex/generic/uniquecounter/uniquecounter.sty
Package: uniquecounter 2019/12/15 v1.4 Provide unlimited unique counter (HO)
)
Package uniquecounter Info: New unique counter `rerunfilecheck' on input line 285.
)
\Hy@SectionHShift=\skip59
) (e:/TeX live/texlive/2023/texmf-dist/tex/latex/bookmark/bkm-pdftex.def
File: bkm-pdftex.def 2020-11-06 v1.29 bookmark driver for pdfTeX (HO)
\BKM@id=\count283
)) (e:/TeX live/texlive/2023/texmf-dist/tex/latex/amsmath/amsmath.sty
Package: amsmath 2023/05/13 v2.17o AMS math features
\@mathmargin=\skip60

For additional information on amsmath, use the `?' option.
(e:/TeX live/texlive/2023/texmf-dist/tex/latex/amsmath/amstext.sty
Package: amstext 2021/08/26 v2.01 AMS text
 (e:/TeX live/texlive/2023/texmf-dist/tex/latex/amsmath/amsgen.sty
File: amsgen.sty 1999/11/30 v2.0 generic functions
\@emptytoks=\toks19
\ex@=\dimen151
)) (e:/TeX live/texlive/2023/texmf-dist/tex/latex/amsmath/amsbsy.sty
Package: amsbsy 1999/11/29 v1.2d Bold Symbols
\pmbraise@=\dimen152
) (e:/TeX live/texlive/2023/texmf-dist/tex/latex/amsmath/amsopn.sty
Package: amsopn 2022/04/08 v2.04 operator names
)
\inf@bad=\count284
LaTeX Info: Redefining \frac on input line 234.
\uproot@=\count285
\leftroot@=\count286
LaTeX Info: Redefining \overline on input line 399.
LaTeX Info: Redefining \colon on input line 410.
\classnum@=\count287
\DOTSCASE@=\count288
LaTeX Info: Redefining \ldots on input line 496.
LaTeX Info: Redefining \dots on input line 499.
LaTeX Info: Redefining \cdots on input line 620.
\Mathstrutbox@=\box54
\strutbox@=\box55
LaTeX Info: Redefining \big on input line 722.
LaTeX Info: Redefining \Big on input line 723.
LaTeX Info: Redefining \bigg on input line 724.
LaTeX Info: Redefining \Bigg on input line 725.
\big@size=\dimen153
LaTeX Font Info:    Redeclaring font encoding OML on input line 743.
LaTeX Font Info:    Redeclaring font encoding OMS on input line 744.
\macc@depth=\count289
LaTeX Info: Redefining \bmod on input line 905.
LaTeX Info: Redefining \pmod on input line 910.
LaTeX Info: Redefining \smash on input line 940.
LaTeX Info: Redefining \relbar on input line 970.
LaTeX Info: Redefining \Relbar on input line 971.
\c@MaxMatrixCols=\count290
\dotsspace@=\muskip17
\c@parentequation=\count291
\dspbrk@lvl=\count292
\tag@help=\toks20
\row@=\count293
\column@=\count294
\maxfields@=\count295
\andhelp@=\toks21
\eqnshift@=\dimen154
\alignsep@=\dimen155
\tagshift@=\dimen156
\tagwidth@=\dimen157
\totwidth@=\dimen158
\lineht@=\dimen159
\@envbody=\toks22
\multlinegap=\skip61
\multlinetaggap=\skip62
\mathdisplay@stack=\toks23
LaTeX Info: Redefining \[ on input line 2953.
LaTeX Info: Redefining \] on input line 2954.
) (e:/TeX live/texlive/2023/texmf-dist/tex/latex/amsfonts/amsfonts.sty
Package: amsfonts 2013/01/14 v3.01 Basic AMSFonts support
\symAMSa=\mathgroup4
\symAMSb=\mathgroup5
LaTeX Font Info:    Redeclaring math symbol \hbar on input line 98.
LaTeX Font Info:    Overwriting math alphabet `\mathfrak' in version `bold'
(Font)                  U/euf/m/n --> U/euf/b/n on input line 106.
) (e:/TeX live/texlive/2023/texmf-dist/tex/latex/amsfonts/amssymb.sty
Package: amssymb 2013/01/14 v3.01 AMS font symbols
) (e:/TeX live/texlive/2023/texmf-dist/tex/latex/ragged2e/ragged2e.sty
Package: ragged2e 2023/06/22 v3.6 ragged2e Package
\CenteringLeftskip=\skip63
\RaggedLeftLeftskip=\skip64
\RaggedRightLeftskip=\skip65
\CenteringRightskip=\skip66
\RaggedLeftRightskip=\skip67
\RaggedRightRightskip=\skip68
\CenteringParfillskip=\skip69
\RaggedLeftParfillskip=\skip70
\RaggedRightParfillskip=\skip71
\JustifyingParfillskip=\skip72
\CenteringParindent=\skip73
\RaggedLeftParindent=\skip74
\RaggedRightParindent=\skip75
\JustifyingParindent=\skip76
) (./CPEN411_summary.aux)
\openout1 = `CPEN411_summary.aux'.

LaTeX Font Info:    Checking defaults for OML/cmm/m/it on input line 21.
LaTeX Font Info:    ... okay on input line 21.
LaTeX Font Info:    Checking defaults for OMS/cmsy/m/n on input line 21.
LaTeX Font Info:    ... okay on input line 21.
LaTeX Font Info:    Checking defaults for OT1/cmr/m/n on input line 21.
LaTeX Font Info:    ... okay on input line 21.
LaTeX Font Info:    Checking defaults for T1/cmr/m/n on input line 21.
LaTeX Font Info:    ... okay on input line 21.
LaTeX Font Info:    Checking defaults for TS1/cmr/m/n on input line 21.
LaTeX Font Info:    ... okay on input line 21.
LaTeX Font Info:    Checking defaults for OMX/cmex/m/n on input line 21.
LaTeX Font Info:    ... okay on input line 21.
LaTeX Font Info:    Checking defaults for U/cmr/m/n on input line 21.
LaTeX Font Info:    ... okay on input line 21.
LaTeX Font Info:    Checking defaults for PD1/pdf/m/n on input line 21.
LaTeX Font Info:    ... okay on input line 21.
LaTeX Font Info:    Checking defaults for PU/pdf/m/n on input line 21.
LaTeX Font Info:    ... okay on input line 21.
\c@lstlisting=\count296
 (e:/TeX live/texlive/2023/texmf-dist/tex/context/base/mkii/supp-pdf.mkii
[Loading MPS to PDF converter (version 2006.09.02).]
\scratchcounter=\count297
\scratchdimen=\dimen160
\scratchbox=\box56
\nofMPsegments=\count298
\nofMParguments=\count299
\everyMPshowfont=\toks24
\MPscratchCnt=\count300
\MPscratchDim=\dimen161
\MPnumerator=\count301
\makeMPintoPDFobject=\count302
\everyMPtoPDFconversion=\toks25
) (e:/TeX live/texlive/2023/texmf-dist/tex/latex/epstopdf-pkg/epstopdf-base.sty
Package: epstopdf-base 2020-01-24 v2.11 Base part for package epstopdf
Package epstopdf-base Info: Redefining graphics rule for `.eps' on input line 485.
 (e:/TeX live/texlive/2023/texmf-dist/tex/latex/latexconfig/epstopdf-sys.cfg
File: epstopdf-sys.cfg 2010/07/13 v1.3 Configuration of (r)epstopdf for TeX Live
))
Package hyperref Info: Link coloring OFF on input line 21.
LaTeX Font Info:    Trying to load font information for U+msa on input line 24.
 (e:/TeX live/texlive/2023/texmf-dist/tex/latex/amsfonts/umsa.fd
File: umsa.fd 2013/01/14 v3.01 AMS symbols A
)
LaTeX Font Info:    Trying to load font information for U+msb on input line 24.
 (e:/TeX live/texlive/2023/texmf-dist/tex/latex/amsfonts/umsb.fd
File: umsb.fd 2013/01/14 v3.01 AMS symbols B
)
<./Image/The Iron law.png, id=4, 428.802pt x 96.96225pt>
File: ./Image/The Iron law.png Graphic file (type png)
<use ./Image/The Iron law.png>
Package pdftex.def Info: ./Image/The Iron law.png  used on input line 32.
(pdftex.def)             Requested size: 428.80095pt x 96.962pt.
<./Image/Amdahl's Law.png, id=7, 421.575pt x 180.675pt>
File: ./Image/Amdahl's Law.png Graphic file (type png)
<use ./Image/Amdahl's Law.png>
Package pdftex.def Info: ./Image/Amdahl's Law.png  used on input line 42.
(pdftex.def)             Requested size: 421.57396pt x 180.67455pt.
 [1{e:/TeX live/texlive/2023/texmf-var/fonts/map/pdftex/updmap/pdftex.map}

 <./Image/The Iron law.png> <./Image/Amdahl's Law.png>] [2{e:/TeX live/texlive/2023/texmf-dist/fonts/enc/dvips/cm-super/cm-super-ts1.enc}]
<./Image/DRAM_cells.png, id=37, 400.49625pt x 193.9245pt>
File: ./Image/DRAM_cells.png Graphic file (type png)
<use ./Image/DRAM_cells.png>
Package pdftex.def Info: ./Image/DRAM_cells.png  used on input line 95.
(pdftex.def)             Requested size: 400.49527pt x 193.92401pt.
<Image/SRAM_cell.png, id=38, 413.1435pt x 165.61874pt>
File: Image/SRAM_cell.png Graphic file (type png)
<use Image/SRAM_cell.png>
Package pdftex.def Info: Image/SRAM_cell.png  used on input line 101.
(pdftex.def)             Requested size: 413.14247pt x 165.61833pt.
<./Image/Memory_hierarchy.png, id=39, 265.59225pt x 136.71075pt>
File: ./Image/Memory_hierarchy.png Graphic file (type png)
<use ./Image/Memory_hierarchy.png>
Package pdftex.def Info: ./Image/Memory_hierarchy.png  used on input line 105.
(pdftex.def)             Requested size: 265.59158pt x 136.7104pt.
<./Image/Memory_addressing_patterns.png, id=40, 401.70074pt x 215.6055pt>
File: ./Image/Memory_addressing_patterns.png Graphic file (type png)
<use ./Image/Memory_addressing_patterns.png>
Package pdftex.def Info: ./Image/Memory_addressing_patterns.png  used on input line 107.
(pdftex.def)             Requested size: 401.69975pt x 215.60497pt.
 [3 <./Image/DRAM_cells.png> <./Image/SRAM_cell.png> <./Image/Memory_hierarchy.png>]
<./Image/RAM_addressing.png, id=48, 416.15475pt x 179.4705pt>
File: ./Image/RAM_addressing.png Graphic file (type png)
<use ./Image/RAM_addressing.png>
Package pdftex.def Info: ./Image/RAM_addressing.png  used on input line 111.
(pdftex.def)             Requested size: 416.15373pt x 179.47005pt.
 [4 <./Image/Memory_addressing_patterns.png> <./Image/RAM_addressing.png>]
<Image/DRAM_structure.png, id=56, 414.348pt x 221.628pt>
File: Image/DRAM_structure.png Graphic file (type png)
<use Image/DRAM_structure.png>
Package pdftex.def Info: Image/DRAM_structure.png  used on input line 130.
(pdftex.def)             Requested size: 414.34698pt x 221.62746pt.
<./Image/CPU_mem_hierarchy.png, id=57, 478.78876pt x 337.26pt>
File: ./Image/CPU_mem_hierarchy.png Graphic file (type png)
<use ./Image/CPU_mem_hierarchy.png>
Package pdftex.def Info: ./Image/CPU_mem_hierarchy.png  used on input line 151.
(pdftex.def)             Requested size: 383.03152pt x 269.80836pt.
 [5 <./Image/DRAM_structure.png>]
<./Image/Exploiting temporal locality.png, id=67, 264.38776pt x 111.41624pt>
File: ./Image/Exploiting temporal locality.png Graphic file (type png)
<use ./Image/Exploiting temporal locality.png>
Package pdftex.def Info: ./Image/Exploiting temporal locality.png  used on input line 164.
(pdftex.def)             Requested size: 264.3871pt x 111.41597pt.
 [6 <./Image/CPU_mem_hierarchy.png> <./Image/Exploiting temporal locality.png>] [7]
<./Image/Spatial locality idea.png, id=83, 143.93774pt x 112.62074pt>
File: ./Image/Spatial locality idea.png Graphic file (type png)
<use ./Image/Spatial locality idea.png>
Package pdftex.def Info: ./Image/Spatial locality idea.png  used on input line 212.
(pdftex.def)             Requested size: 143.93738pt x 112.62045pt.
<./Image/Memory block illustration.png, id=85, 397.485pt x 170.43675pt>
File: ./Image/Memory block illustration.png Graphic file (type png)
<use ./Image/Memory block illustration.png>
Package pdftex.def Info: ./Image/Memory block illustration.png  used on input line 218.
(pdftex.def)             Requested size: 397.48402pt x 170.43631pt.
<./Image/Cache block design.png, id=87, 326.4195pt x 119.84775pt>
File: ./Image/Cache block design.png Graphic file (type png)
<use ./Image/Cache block design.png>
Package pdftex.def Info: ./Image/Cache block design.png  used on input line 222.
(pdftex.def)             Requested size: 326.41869pt x 119.84744pt.
 [8 <./Image/Spatial locality idea.png> <./Image/Memory block illustration.png> <./Image/Cache block design.png>]
<./Image/Direct mapped.png, id=99, 657.05475pt x 362.5545pt>
File: ./Image/Direct mapped.png Graphic file (type png)
<use ./Image/Direct mapped.png>
Package pdftex.def Info: ./Image/Direct mapped.png  used on input line 241.
(pdftex.def)             Requested size: 361.38123pt x 199.4056pt.
 [9 <./Image/Direct mapped.png>]
<./Image/Cache Performance Impact.png, id=112, 418.56375pt x 336.0555pt>
File: ./Image/Cache Performance Impact.png Graphic file (type png)
<use ./Image/Cache Performance Impact.png>
Package pdftex.def Info: ./Image/Cache Performance Impact.png  used on input line 304.
(pdftex.def)             Requested size: 418.56271pt x 336.05467pt.
 [10] [11 <./Image/Cache Performance Impact.png>]
<./Image/Writes that hits.png, id=129, 497.4585pt x 312.56775pt>
File: ./Image/Writes that hits.png Graphic file (type png)
<use ./Image/Writes that hits.png>
Package pdftex.def Info: ./Image/Writes that hits.png  used on input line 337.
(pdftex.def)             Requested size: 397.96733pt x 250.05452pt.
 [12 <./Image/Writes that hits.png>]
<./Image/Write that miss.png, id=138, 328.22626pt x 293.898pt>
File: ./Image/Write that miss.png Graphic file (type png)
<use ./Image/Write that miss.png>
Package pdftex.def Info: ./Image/Write that miss.png  used on input line 356.
(pdftex.def)             Requested size: 328.22545pt x 293.89726pt.
 [13 <./Image/Write that miss.png>]
<./Image/Eviction in a cache hierarchy.png, id=148, 458.9145pt x 249.93375pt>
File: ./Image/Eviction in a cache hierarchy.png Graphic file (type png)
<use ./Image/Eviction in a cache hierarchy.png>
Package pdftex.def Info: ./Image/Eviction in a cache hierarchy.png  used on input line 382.
(pdftex.def)             Requested size: 413.01923pt x 224.9383pt.
<./Image/Instruction and Data separation.png, id=150, 455.90324pt x 318.59026pt>
File: ./Image/Instruction and Data separation.png Graphic file (type png)
<use ./Image/Instruction and Data separation.png>
Package pdftex.def Info: ./Image/Instruction and Data separation.png  used on input line 397.
(pdftex.def)             Requested size: 455.90211pt x 318.58948pt.
 [14 <./Image/Eviction in a cache hierarchy.png>] [15 <./Image/Instruction and Data separation.png>] [16]
<./Image/Stride FSM.png, id=173, 245.11575pt x 177.0615pt>
File: ./Image/Stride FSM.png Graphic file (type png)
<use ./Image/Stride FSM.png>
Package pdftex.def Info: ./Image/Stride FSM.png  used on input line 442.
(pdftex.def)             Requested size: 245.11514pt x 177.06104pt.
<./Image/Stride example.png, id=175, 359.54324pt x 235.47975pt>
File: ./Image/Stride example.png Graphic file (type png)
<use ./Image/Stride example.png>
Package pdftex.def Info: ./Image/Stride example.png  used on input line 445.
(pdftex.def)             Requested size: 359.54236pt x 235.47917pt.
 [17 <./Image/Stride FSM.png> <./Image/Stride example.png>] [18]
<./Image/DIP.png, id=202, 259.56975pt x 300.52275pt>
File: ./Image/DIP.png Graphic file (type png)
<use ./Image/DIP.png>
Package pdftex.def Info: ./Image/DIP.png  used on input line 515.
(pdftex.def)             Requested size: 181.69757pt x 210.36447pt.
 [19]
<./Image/DIP-SD.png, id=211, 263.18324pt x 284.86424pt>
File: ./Image/DIP-SD.png Graphic file (type png)
<use ./Image/DIP-SD.png>
Package pdftex.def Info: ./Image/DIP-SD.png  used on input line 523.
(pdftex.def)             Requested size: 184.227pt x 199.4036pt.
 [20 <./Image/DIP.png> <./Image/DIP-SD.png>]
<./Image/paged virtual memory.png, id=221, 403.5075pt x 262.581pt>
File: ./Image/paged virtual memory.png Graphic file (type png)
<use ./Image/paged virtual memory.png>
Package pdftex.def Info: ./Image/paged virtual memory.png  used on input line 548.
(pdftex.def)             Requested size: 403.50652pt x 262.58034pt.
<./Image/Page table register.png, id=223, 386.04225pt x 257.763pt>
File: ./Image/Page table register.png Graphic file (type png)
<use ./Image/Page table register.png>
Package pdftex.def Info: ./Image/Page table register.png  used on input line 554.
(pdftex.def)             Requested size: 386.0413pt x 257.76237pt.
 [21 <./Image/paged virtual memory.png>] [22 <./Image/Page table register.png>]
<./Image/Multi-level PT.png, id=241, 449.2785pt x 228.855pt>
File: ./Image/Multi-level PT.png Graphic file (type png)
<use ./Image/Multi-level PT.png>
Package pdftex.def Info: ./Image/Multi-level PT.png  used on input line 603.
(pdftex.def)             Requested size: 359.42328pt x 183.08423pt.
 [23 <./Image/Multi-level PT.png>]
<./Image/Types of address translation.png, id=250, 427.5975pt x 257.16075pt>
File: ./Image/Types of address translation.png Graphic file (type png)
<use ./Image/Types of address translation.png>
Package pdftex.def Info: ./Image/Types of address translation.png  used on input line 637.
(pdftex.def)             Requested size: 427.59645pt x 257.16011pt.
 [24 <./Image/Types of address translation.png>]
<./Image/VA cache miss.png, id=260, 304.13625pt x 241.50224pt>
File: ./Image/VA cache miss.png Graphic file (type png)
<use ./Image/VA cache miss.png>
Package pdftex.def Info: ./Image/VA cache miss.png  used on input line 648.
(pdftex.def)             Requested size: 212.8939pt x 169.0504pt.
<./Image/Overlapping TLB and L1 cache accesses.png, id=262, 394.47375pt x 313.77225pt>
File: ./Image/Overlapping TLB and L1 cache accesses.png Graphic file (type png)
<use ./Image/Overlapping TLB and L1 cache accesses.png>
Package pdftex.def Info: ./Image/Overlapping TLB and L1 cache accesses.png  used on input line 652.
(pdftex.def)             Requested size: 276.12973pt x 219.63907pt.
 [25 <./Image/VA cache miss.png> <./Image/Overlapping TLB and L1 cache accesses.png>]
<./Image/Simple pipeline.png, id=274, 370.986pt x 208.98074pt>
File: ./Image/Simple pipeline.png Graphic file (type png)
<use ./Image/Simple pipeline.png>
Package pdftex.def Info: ./Image/Simple pipeline.png  used on input line 689.
(pdftex.def)             Requested size: 259.68842pt x 146.2855pt.
 [26 <./Image/Simple pipeline.png>]
<./Image/Problematic pipeline.png, id=284, 389.65575pt x 241.50224pt>
File: ./Image/Problematic pipeline.png Graphic file (type png)
<use ./Image/Problematic pipeline.png>
Package pdftex.def Info: ./Image/Problematic pipeline.png  used on input line 706.
(pdftex.def)             Requested size: 272.75716pt x 169.0504pt.
<./Image/pipeline control signal.png, id=286, 370.38374pt x 202.95825pt>
File: ./Image/pipeline control signal.png Graphic file (type png)
<use ./Image/pipeline control signal.png>
Package pdftex.def Info: ./Image/pipeline control signal.png  used on input line 712.
(pdftex.def)             Requested size: 259.26685pt x 142.0698pt.
<./Image/Pipeline Hazards.png, id=288, 434.8245pt x 136.1085pt>
File: ./Image/Pipeline Hazards.png Graphic file (type png)
<use ./Image/Pipeline Hazards.png>
Package pdftex.def Info: ./Image/Pipeline Hazards.png  used on input line 718.
(pdftex.def)             Requested size: 304.37505pt x 95.27528pt.
 [27 <./Image/Problematic pipeline.png> <./Image/pipeline control signal.png>]
<./Image/Structural Hazard example.png, id=299, 348.70274pt x 243.309pt>
File: ./Image/Structural Hazard example.png Graphic file (type png)
<use ./Image/Structural Hazard example.png>
Package pdftex.def Info: ./Image/Structural Hazard example.png  used on input line 744.
(pdftex.def)             Requested size: 244.09024pt x 170.31514pt.
 [28 <./Image/Pipeline Hazards.png>]
<./Image/Structural Hazard solution.png, id=309, 386.6445pt x 240.9pt>
File: ./Image/Structural Hazard solution.png Graphic file (type png)
<use ./Image/Structural Hazard solution.png>
Package pdftex.def Info: ./Image/Structural Hazard solution.png  used on input line 748.
(pdftex.def)             Requested size: 270.6493pt x 168.62883pt.
<./Image/RAW instructions.png, id=311, 108.405pt x 79.497pt>
File: ./Image/RAW instructions.png Graphic file (type png)
<use ./Image/RAW instructions.png>
Package pdftex.def Info: ./Image/RAW instructions.png  used on input line 756.
(pdftex.def)             Requested size: 75.88297pt x 55.6475pt.
<./Image/Forwarding.png, id=313, 451.08525pt x 240.29774pt>
File: ./Image/Forwarding.png Graphic file (type png)
<use ./Image/Forwarding.png>
Package pdftex.def Info: ./Image/Forwarding.png  used on input line 760.
(pdftex.def)             Requested size: 360.8687pt x 192.23845pt.
 [29 <./Image/Structural Hazard example.png> <./Image/Structural Hazard solution.png> <./Image/RAW instructions.png>] [30 <./Image/Forwarding.png>]
<./Image/true dependency example.png, id=336, 286.671pt x 60.225pt>
File: ./Image/true dependency example.png Graphic file (type png)
<use ./Image/true dependency example.png>
Package pdftex.def Info: ./Image/true dependency example.png  used on input line 812.
(pdftex.def)             Requested size: 286.67029pt x 60.22484pt.
<./Image/Anti-dependency example.png, id=338, 163.812pt x 54.80475pt>
File: ./Image/Anti-dependency example.png Graphic file (type png)
<use ./Image/Anti-dependency example.png>
Package pdftex.def Info: ./Image/Anti-dependency example.png  used on input line 816.
(pdftex.def)             Requested size: 163.81158pt x 54.8046pt.
<./Image/output dependency example.png, id=340, 160.80075pt x 54.80475pt>
File: ./Image/output dependency example.png Graphic file (type png)
<use ./Image/output dependency example.png>
Package pdftex.def Info: ./Image/output dependency example.png  used on input line 824.
(pdftex.def)             Requested size: 160.80034pt x 54.8046pt.
 [31 <./Image/true dependency example.png> <./Image/Anti-dependency example.png> <./Image/output dependency example.png>]
<./Image/ALU differnt length.png, id=357, 609.477pt x 314.3745pt>
File: ./Image/ALU differnt length.png Graphic file (type png)
<use ./Image/ALU differnt length.png>
Package pdftex.def Info: ./Image/ALU differnt length.png  used on input line 835.
(pdftex.def)             Requested size: 304.73776pt x 157.18686pt.
<./Image/Score board.png, id=359, 139.722pt x 68.6565pt>
File: ./Image/Score board.png Graphic file (type png)
<use ./Image/Score board.png>
Package pdftex.def Info: ./Image/Score board.png  used on input line 845.
(pdftex.def)             Requested size: 139.72165pt x 68.65631pt.
 [32 <./Image/ALU differnt length.png> <./Image/Score board.png>] [33]
<Image/precise exception.jpg, id=380, 230.36063pt x 125.71968pt>
File: Image/precise exception.jpg Graphic file (type jpg)
<use Image/precise exception.jpg>
Package pdftex.def Info: Image/precise exception.jpg  used on input line 941.
(pdftex.def)             Requested size: 230.36005pt x 125.71936pt.
 [34] [35 <./Image/precise exception.jpg>]
<Image/ROB figure.jpg, id=401, 399.74344pt x 233.37187pt>
File: Image/ROB figure.jpg Graphic file (type jpg)
<use Image/ROB figure.jpg>
Package pdftex.def Info: Image/ROB figure.jpg  used on input line 977.
(pdftex.def)             Requested size: 279.81848pt x 163.35919pt.
<Image/ROB execution stage.jpg, id=403, 443.40656pt x 25.59563pt>
File: Image/ROB execution stage.jpg Graphic file (type jpg)
<use Image/ROB execution stage.jpg>
Package pdftex.def Info: Image/ROB execution stage.jpg  used on input line 987.
(pdftex.def)             Requested size: 399.06221pt x 23.03583pt.
 [36 <./Image/ROB figure.jpg> <./Image/ROB execution stage.jpg>]
<Image/Stactically Scheduled Superscalar.jpg, id=413, 209.28188pt x 116.68594pt>
File: Image/Stactically Scheduled Superscalar.jpg Graphic file (type jpg)
<use Image/Stactically Scheduled Superscalar.jpg>
Package pdftex.def Info: Image/Stactically Scheduled Superscalar.jpg  used on input line 1013.
(pdftex.def)             Requested size: 209.28134pt x 116.68564pt.
<Image/2-Issue In-order Superscalar.jpg, id=415, 441.14813pt x 142.28156pt>
File: Image/2-Issue In-order Superscalar.jpg Graphic file (type jpg)
<use Image/2-Issue In-order Superscalar.jpg>
Package pdftex.def Info: Image/2-Issue In-order Superscalar.jpg  used on input line 1020.
(pdftex.def)             Requested size: 441.14705pt x 142.2812pt.
<Image/Tomasulo with too wide issue.jpg, id=417, 484.81125pt x 290.58563pt>
File: Image/Tomasulo with too wide issue.jpg Graphic file (type jpg)
<use Image/Tomasulo with too wide issue.jpg>
Package pdftex.def Info: Image/Tomasulo with too wide issue.jpg  used on input line 1029.
(pdftex.def)             Requested size: 387.84952pt x 232.46881pt.
 [37 <./Image/Stactically Scheduled Superscalar.jpg> <./Image/2-Issue In-order Superscalar.jpg>] [38 <./Image/Tomasulo with too wide issue.jpg>]
<./Image/2 bit predictors.png, id=435, 322.806pt x 227.04825pt>
File: ./Image/2 bit predictors.png Graphic file (type png)
<use ./Image/2 bit predictors.png>
Package pdftex.def Info: ./Image/2 bit predictors.png  used on input line 1052.
(pdftex.def)             Requested size: 225.96265pt x 158.93268pt.
<./Image/BTB.png, id=437, 355.3275pt x 213.1965pt>
File: ./Image/BTB.png Graphic file (type png)
<use ./Image/BTB.png>
Package pdftex.def Info: ./Image/BTB.png  used on input line 1064.
(pdftex.def)             Requested size: 248.72754pt x 149.23653pt.
 [39 <./Image/2 bit predictors.png> <./Image/BTB.png>]
<./Image/one bit correlated branch example.jpg, id=450, 370.38374pt x 247.67531pt>
File: ./Image/one bit correlated branch example.jpg Graphic file (type jpg)
<use ./Image/one bit correlated branch example.jpg>
Package pdftex.def Info: ./Image/one bit correlated branch example.jpg  used on input line 1089.
(pdftex.def)             Requested size: 259.26685pt x 173.37152pt.
 [40 <./Image/one bit correlated branch example.jpg>]
<./Image/Shift Register.jpg, id=461, 497.60907pt x 97.86563pt>
File: ./Image/Shift Register.jpg Graphic file (type jpg)
<use ./Image/Shift Register.jpg>
Package pdftex.def Info: ./Image/Shift Register.jpg  used on input line 1104.
(pdftex.def)             Requested size: 348.32397pt x 68.50545pt.
 [41 <./Image/Shift Register.jpg>] [42]
<./Image/Store buffer.jpg, id=482, 325.215pt x 228.855pt>
File: ./Image/Store buffer.jpg Graphic file (type jpg)
<use ./Image/Store buffer.jpg>
Package pdftex.def Info: ./Image/Store buffer.jpg  used on input line 1150.
(pdftex.def)             Requested size: 227.64894pt x 160.1974pt.
<./Image/Store Buffer Plus.jpg, id=484, 395.22656pt x 255.95625pt>
File: ./Image/Store Buffer Plus.jpg Graphic file (type jpg)
<use ./Image/Store Buffer Plus.jpg>
Package pdftex.def Info: ./Image/Store Buffer Plus.jpg  used on input line 1156.
(pdftex.def)             Requested size: 276.6567pt x 179.16814pt.
 [43 <./Image/Store buffer.jpg> <./Image/Store Buffer Plus.jpg>]
<./Image/load dependency predictor.png, id=494, 379.4175pt x 225.2415pt>
File: ./Image/load dependency predictor.png Graphic file (type png)
<use ./Image/load dependency predictor.png>
Package pdftex.def Info: ./Image/load dependency predictor.png  used on input line 1194.
(pdftex.def)             Requested size: 265.59042pt x 157.66795pt.
 [44] [45 <./Image/load dependency predictor.png>] [46] [47]
<./Image/True Logical Constraints.png, id=524, 159.59625pt x 175.25475pt>
File: ./Image/True Logical Constraints.png Graphic file (type png)
<use ./Image/True Logical Constraints.png>
Package pdftex.def Info: ./Image/True Logical Constraints.png  used on input line 1278.
(pdftex.def)             Requested size: 159.59584pt x 175.2543pt.
<./Image/Weak Ordering.png, id=526, 479.99326pt x 92.14426pt>
File: ./Image/Weak Ordering.png Graphic file (type png)
<use ./Image/Weak Ordering.png>
Package pdftex.def Info: ./Image/Weak Ordering.png  used on input line 1286.
(pdftex.def)             Requested size: 383.99512pt x 73.71548pt.
<./Image/Fences Example.png, id=528, 409.53pt x 87.9285pt>
File: ./Image/Fences Example.png Graphic file (type png)
<use ./Image/Fences Example.png>
Package pdftex.def Info: ./Image/Fences Example.png  used on input line 1294.
(pdftex.def)             Requested size: 409.52899pt x 87.92827pt.
 [48 <./Image/True Logical Constraints.png> <./Image/Weak Ordering.png>]
<./Image/Ilustrating WO.png, id=541, 251.13824pt x 205.36725pt>
File: ./Image/Ilustrating WO.png Graphic file (type png)
<use ./Image/Ilustrating WO.png>
Package pdftex.def Info: ./Image/Ilustrating WO.png  used on input line 1298.
(pdftex.def)             Requested size: 175.79556pt x 143.75609pt.
<./Image/Acquire and Release.png, id=543, 248.127pt x 205.36725pt>
File: ./Image/Acquire and Release.png Graphic file (type png)
<use ./Image/Acquire and Release.png>
Package pdftex.def Info: ./Image/Acquire and Release.png  used on input line 1304.
(pdftex.def)             Requested size: 173.6877pt x 143.75609pt.
 [49 <./Image/Fences Example.png> <./Image/Ilustrating WO.png> <./Image/Acquire and Release.png>]
<./Image/Coherence Invariants.png, id=558, 389.65575pt x 128.27925pt>
File: ./Image/Coherence Invariants.png Graphic file (type png)
<use ./Image/Coherence Invariants.png>
Package pdftex.def Info: ./Image/Coherence Invariants.png  used on input line 1337.
(pdftex.def)             Requested size: 389.65479pt x 128.27893pt.
 [50]
<./Image/Cache Controller.png, id=568, 158.39175pt x 136.1085pt>
File: ./Image/Cache Controller.png Graphic file (type png)
<use ./Image/Cache Controller.png>
Package pdftex.def Info: ./Image/Cache Controller.png  used on input line 1354.
(pdftex.def)             Requested size: 158.39136pt x 136.10815pt.
 [51 <./Image/Coherence Invariants.png> <./Image/Cache Controller.png>] [52]
<./Image/Directory-based cache coherence.jpg, id=588, 216.81pt x 140.02313pt>
File: ./Image/Directory-based cache coherence.jpg Graphic file (type jpg)
<use ./Image/Directory-based cache coherence.jpg>
Package pdftex.def Info: ./Image/Directory-based cache coherence.jpg  used on input line 1407.
(pdftex.def)             Requested size: 216.80946pt x 140.02278pt.
 [53 <./Image/Directory-based cache coherence.jpg>] [54]
<./Image/Coherence miss and cache size.jpg, id=608, 324.46219pt x 232.61906pt>
File: ./Image/Coherence miss and cache size.jpg Graphic file (type jpg)
<use ./Image/Coherence miss and cache size.jpg>
Package pdftex.def Info: ./Image/Coherence miss and cache size.jpg  used on input line 1450.
(pdftex.def)             Requested size: 227.12196pt x 162.83221pt.
<./Image/Coherence misses and core number.jpg, id=610, 283.0575pt x 232.61906pt>
File: ./Image/Coherence misses and core number.jpg Graphic file (type jpg)
<use ./Image/Coherence misses and core number.jpg>
Package pdftex.def Info: ./Image/Coherence misses and core number.jpg  used on input line 1457.
(pdftex.def)             Requested size: 198.13889pt x 162.83221pt.
<./Image/Coherence miss and block size.jpg, id=612, 346.29375pt x 322.95656pt>
File: ./Image/Coherence miss and block size.jpg Graphic file (type jpg)
<use ./Image/Coherence miss and block size.jpg>
Package pdftex.def Info: ./Image/Coherence miss and block size.jpg  used on input line 1465.
(pdftex.def)             Requested size: 242.40396pt x 226.06804pt.
 [55 <./Image/Coherence miss and cache size.jpg> <./Image/Coherence misses and core number.jpg>]
<./Image/MSI non-automic.jpg, id=622, 493.0922pt x 158.84344pt>
File: ./Image/MSI non-automic.jpg Graphic file (type jpg)
<use ./Image/MSI non-automic.jpg>
Package pdftex.def Info: ./Image/MSI non-automic.jpg  used on input line 1485.
(pdftex.def)             Requested size: 394.47429pt x 127.07492pt.
 [56 <./Image/Coherence miss and block size.jpg>] [57 <./Image/MSI non-automic.jpg>] (./CPEN411_summary.aux)
 ***********
LaTeX2e <2023-06-01> patch level 1
L3 programming layer <2023-08-29>
 ***********
 ) 
Here is how much of TeX's memory you used:
 12981 strings out of 474934
 208554 string characters out of 5759289
 1932801 words of memory out of 5000000
 34186 multiletter control sequences out of 15000+600000
 568330 words of font info for 76 fonts, out of 8000000 for 9000
 1141 hyphenation exceptions out of 8191
 89i,13n,93p,1332b,997s stack positions out of 10000i,1000n,20000p,200000b,200000s

pdfTeX warning (dest): name{https://citeseerx.ist.psu.edu/viewdoc/download?doi=10.1.1.217.3594&rep=rep1&type=pdf} has been referenced but does not exist, replaced by a fixed one

<e:/TeX live/texlive/2023/texmf-dist/fonts/type1/public/amsfonts/cm/cmbx12.pfb><e:/TeX live/texlive/2023/texmf-dist/fonts/type1/public/amsfonts/cm/cmmi12.pfb><e:/TeX live/texlive/2023/texmf-dist/fonts/type1/public/amsfonts/cm/cmmi8.pfb><e:/TeX live/texlive/2023/texmf-dist/fonts/type1/public/amsfonts/cm/cmr12.pfb><e:/TeX live/texlive/2023/texmf-dist/fonts/type1/public/amsfonts/cm/cmr17.pfb><e:/TeX live/texlive/2023/texmf-dist/fonts/type1/public/amsfonts/cm/cmr8.pfb><e:/TeX live/texlive/2023/texmf-dist/fonts/type1/public/amsfonts/cm/cmsy10.pfb><e:/TeX live/texlive/2023/texmf-dist/fonts/type1/public/amsfonts/cm/cmsy8.pfb><e:/TeX live/texlive/2023/texmf-dist/fonts/type1/public/amsfonts/cm/cmti12.pfb><e:/TeX live/texlive/2023/texmf-dist/fonts/type1/public/amsfonts/cm/cmtt12.pfb><e:/TeX live/texlive/2023/texmf-dist/fonts/type1/public/cm-super/sfrm1200.pfb>
Output written on CPEN411_summary.pdf (57 pages, 2991537 bytes).
PDF statistics:
 1059 PDF objects out of 1200 (max. 8388607)
 790 compressed objects within 8 object streams
 190 named destinations out of 1000 (max. 500000)
 1574 words of extra memory for PDF output out of 10000 (max. 10000000)

