This is pdfTeX, Version 3.141592653-2.6-1.40.25 (TeX Live 2023) (preloaded format=pdflatex 2023.10.30)  12 NOV 2023 12:52
entering extended mode
 restricted \write18 enabled.
 file:line:error style messages enabled.
 %&-line parsing enabled.
**"g:/GitHub repositories/CPEN355/Summary/Summary.tex"
(g:/GitHub repositories/CPEN355/Summary/Summary.tex
LaTeX2e <2023-06-01> patch level 1
L3 programming layer <2023-10-23>
(c:/texlive/2023/texmf-dist/tex/latex/base/article.cls
Document Class: article 2023/05/17 v1.4n Standard LaTeX document class
(c:/texlive/2023/texmf-dist/tex/latex/base/size12.clo
File: size12.clo 2023/05/17 v1.4n Standard LaTeX file (size option)
)
\c@part=\count186
\c@section=\count187
\c@subsection=\count188
\c@subsubsection=\count189
\c@paragraph=\count190
\c@subparagraph=\count191
\c@figure=\count192
\c@table=\count193
\abovecaptionskip=\skip48
\belowcaptionskip=\skip49
\bibindent=\dimen140
) (c:/texlive/2023/texmf-dist/tex/latex/a4wide/a4wide.sty
Package: a4wide 1994/08/30
 (c:/texlive/2023/texmf-dist/tex/latex/ntgclass/a4.sty
Package: a4 2023/01/10 v1.2g A4 based page layout
)) (c:/texlive/2023/texmf-dist/tex/latex/fancyhdr/fancyhdr.sty
Package: fancyhdr 2022/11/09 v4.1 Extensive control of page headers and footers
\f@nch@headwidth=\skip50
\f@nch@O@elh=\skip51
\f@nch@O@erh=\skip52
\f@nch@O@olh=\skip53
\f@nch@O@orh=\skip54
\f@nch@O@elf=\skip55
\f@nch@O@erf=\skip56
\f@nch@O@olf=\skip57
\f@nch@O@orf=\skip58
) (c:/texlive/2023/texmf-dist/tex/latex/lipsum/lipsum.sty (c:/texlive/2023/texmf-dist/tex/latex/l3packages/l3keys2e/l3keys2e.sty (c:/texlive/2023/texmf-dist/tex/latex/l3kernel/expl3.sty
Package: expl3 2023-10-23 L3 programming layer (loader) 
 (c:/texlive/2023/texmf-dist/tex/latex/l3backend/l3backend-pdftex.def
File: l3backend-pdftex.def 2023-10-23 L3 backend support: PDF output (pdfTeX)
\l__color_backend_stack_int=\count194
\l__pdf_internal_box=\box51
))
Package: l3keys2e 2023-10-10 LaTeX2e option processing using LaTeX3 keys
)
Package: lipsum 2021-09-20 v2.7 150 paragraphs of Lorem Ipsum dummy text
\g__lipsum_par_int=\count195
\l__lipsum_a_int=\count196
\l__lipsum_b_int=\count197
 (c:/texlive/2023/texmf-dist/tex/latex/lipsum/lipsum.ltd.tex)) (c:/texlive/2023/texmf-dist/tex/latex/graphics/graphicx.sty
Package: graphicx 2021/09/16 v1.2d Enhanced LaTeX Graphics (DPC,SPQR)
 (c:/texlive/2023/texmf-dist/tex/latex/graphics/keyval.sty
Package: keyval 2022/05/29 v1.15 key=value parser (DPC)
\KV@toks@=\toks17
) (c:/texlive/2023/texmf-dist/tex/latex/graphics/graphics.sty
Package: graphics 2022/03/10 v1.4e Standard LaTeX Graphics (DPC,SPQR)
 (c:/texlive/2023/texmf-dist/tex/latex/graphics/trig.sty
Package: trig 2021/08/11 v1.11 sin cos tan (DPC)
) (c:/texlive/2023/texmf-dist/tex/latex/graphics-cfg/graphics.cfg
File: graphics.cfg 2016/06/04 v1.11 sample graphics configuration
)
Package graphics Info: Driver file: pdftex.def on input line 107.
 (c:/texlive/2023/texmf-dist/tex/latex/graphics-def/pdftex.def
File: pdftex.def 2022/09/22 v1.2b Graphics/color driver for pdftex
))
\Gin@req@height=\dimen141
\Gin@req@width=\dimen142
) (c:/texlive/2023/texmf-dist/tex/latex/amsmath/amsmath.sty
Package: amsmath 2023/05/13 v2.17o AMS math features
\@mathmargin=\skip59

For additional information on amsmath, use the `?' option.
(c:/texlive/2023/texmf-dist/tex/latex/amsmath/amstext.sty
Package: amstext 2021/08/26 v2.01 AMS text
 (c:/texlive/2023/texmf-dist/tex/latex/amsmath/amsgen.sty
File: amsgen.sty 1999/11/30 v2.0 generic functions
\@emptytoks=\toks18
\ex@=\dimen143
)) (c:/texlive/2023/texmf-dist/tex/latex/amsmath/amsbsy.sty
Package: amsbsy 1999/11/29 v1.2d Bold Symbols
\pmbraise@=\dimen144
) (c:/texlive/2023/texmf-dist/tex/latex/amsmath/amsopn.sty
Package: amsopn 2022/04/08 v2.04 operator names
)
\inf@bad=\count198
LaTeX Info: Redefining \frac on input line 234.
\uproot@=\count199
\leftroot@=\count266
LaTeX Info: Redefining \overline on input line 399.
LaTeX Info: Redefining \colon on input line 410.
\classnum@=\count267
\DOTSCASE@=\count268
LaTeX Info: Redefining \ldots on input line 496.
LaTeX Info: Redefining \dots on input line 499.
LaTeX Info: Redefining \cdots on input line 620.
\Mathstrutbox@=\box52
\strutbox@=\box53
LaTeX Info: Redefining \big on input line 722.
LaTeX Info: Redefining \Big on input line 723.
LaTeX Info: Redefining \bigg on input line 724.
LaTeX Info: Redefining \Bigg on input line 725.
\big@size=\dimen145
LaTeX Font Info:    Redeclaring font encoding OML on input line 743.
LaTeX Font Info:    Redeclaring font encoding OMS on input line 744.
\macc@depth=\count269
LaTeX Info: Redefining \bmod on input line 905.
LaTeX Info: Redefining \pmod on input line 910.
LaTeX Info: Redefining \smash on input line 940.
LaTeX Info: Redefining \relbar on input line 970.
LaTeX Info: Redefining \Relbar on input line 971.
\c@MaxMatrixCols=\count270
\dotsspace@=\muskip16
\c@parentequation=\count271
\dspbrk@lvl=\count272
\tag@help=\toks19
\row@=\count273
\column@=\count274
\maxfields@=\count275
\andhelp@=\toks20
\eqnshift@=\dimen146
\alignsep@=\dimen147
\tagshift@=\dimen148
\tagwidth@=\dimen149
\totwidth@=\dimen150
\lineht@=\dimen151
\@envbody=\toks21
\multlinegap=\skip60
\multlinetaggap=\skip61
\mathdisplay@stack=\toks22
LaTeX Info: Redefining \[ on input line 2953.
LaTeX Info: Redefining \] on input line 2954.
) (c:/texlive/2023/texmf-dist/tex/latex/amsfonts/amsfonts.sty
Package: amsfonts 2013/01/14 v3.01 Basic AMSFonts support
\symAMSa=\mathgroup4
\symAMSb=\mathgroup5
LaTeX Font Info:    Redeclaring math symbol \hbar on input line 98.
LaTeX Font Info:    Overwriting math alphabet `\mathfrak' in version `bold'
(Font)                  U/euf/m/n --> U/euf/b/n on input line 106.
) (c:/texlive/2023/texmf-dist/tex/latex/amsfonts/amssymb.sty
Package: amssymb 2013/01/14 v3.01 AMS font symbols
) (c:/texlive/2023/texmf-dist/tex/latex/ragged2e/ragged2e.sty
Package: ragged2e 2023/06/22 v3.6 ragged2e Package
\CenteringLeftskip=\skip62
\RaggedLeftLeftskip=\skip63
\RaggedRightLeftskip=\skip64
\CenteringRightskip=\skip65
\RaggedLeftRightskip=\skip66
\RaggedRightRightskip=\skip67
\CenteringParfillskip=\skip68
\RaggedLeftParfillskip=\skip69
\RaggedRightParfillskip=\skip70
\JustifyingParfillskip=\skip71
\CenteringParindent=\skip72
\RaggedLeftParindent=\skip73
\RaggedRightParindent=\skip74
\JustifyingParindent=\skip75
) (c:/texlive/2023/texmf-dist/tex/latex/hyperref/hyperref.sty
Package: hyperref 2023-10-21 v7.01c Hypertext links for LaTeX
 (c:/texlive/2023/texmf-dist/tex/generic/ltxcmds/ltxcmds.sty
Package: ltxcmds 2020-05-10 v1.25 LaTeX kernel commands for general use (HO)
) (c:/texlive/2023/texmf-dist/tex/generic/iftex/iftex.sty
Package: iftex 2022/02/03 v1.0f TeX engine tests
) (c:/texlive/2023/texmf-dist/tex/generic/pdftexcmds/pdftexcmds.sty
Package: pdftexcmds 2020-06-27 v0.33 Utility functions of pdfTeX for LuaTeX (HO)
 (c:/texlive/2023/texmf-dist/tex/generic/infwarerr/infwarerr.sty
Package: infwarerr 2019/12/03 v1.5 Providing info/warning/error messages (HO)
)
Package pdftexcmds Info: \pdf@primitive is available.
Package pdftexcmds Info: \pdf@ifprimitive is available.
Package pdftexcmds Info: \pdfdraftmode found.
) (c:/texlive/2023/texmf-dist/tex/latex/kvsetkeys/kvsetkeys.sty
Package: kvsetkeys 2022-10-05 v1.19 Key value parser (HO)
) (c:/texlive/2023/texmf-dist/tex/generic/kvdefinekeys/kvdefinekeys.sty
Package: kvdefinekeys 2019-12-19 v1.6 Define keys (HO)
) (c:/texlive/2023/texmf-dist/tex/generic/pdfescape/pdfescape.sty
Package: pdfescape 2019/12/09 v1.15 Implements pdfTeX's escape features (HO)
) (c:/texlive/2023/texmf-dist/tex/latex/hycolor/hycolor.sty
Package: hycolor 2020-01-27 v1.10 Color options for hyperref/bookmark (HO)
) (c:/texlive/2023/texmf-dist/tex/latex/letltxmacro/letltxmacro.sty
Package: letltxmacro 2019/12/03 v1.6 Let assignment for LaTeX macros (HO)
) (c:/texlive/2023/texmf-dist/tex/latex/auxhook/auxhook.sty
Package: auxhook 2019-12-17 v1.6 Hooks for auxiliary files (HO)
) (c:/texlive/2023/texmf-dist/tex/latex/hyperref/nameref.sty
Package: nameref 2023-10-05 v2.54 Cross-referencing by name of section
 (c:/texlive/2023/texmf-dist/tex/latex/refcount/refcount.sty
Package: refcount 2019/12/15 v3.6 Data extraction from label references (HO)
) (c:/texlive/2023/texmf-dist/tex/generic/gettitlestring/gettitlestring.sty
Package: gettitlestring 2019/12/15 v1.6 Cleanup title references (HO)
 (c:/texlive/2023/texmf-dist/tex/latex/kvoptions/kvoptions.sty
Package: kvoptions 2022-06-15 v3.15 Key value format for package options (HO)
))
\c@section@level=\count276
) (c:/texlive/2023/texmf-dist/tex/latex/etoolbox/etoolbox.sty
Package: etoolbox 2020/10/05 v2.5k e-TeX tools for LaTeX (JAW)
\etb@tempcnta=\count277
)
\@linkdim=\dimen152
\Hy@linkcounter=\count278
\Hy@pagecounter=\count279
 (c:/texlive/2023/texmf-dist/tex/latex/hyperref/pd1enc.def
File: pd1enc.def 2023-10-21 v7.01c Hyperref: PDFDocEncoding definition (HO)
Now handling font encoding PD1 ...
... no UTF-8 mapping file for font encoding PD1
) (c:/texlive/2023/texmf-dist/tex/generic/intcalc/intcalc.sty
Package: intcalc 2019/12/15 v1.3 Expandable calculations with integers (HO)
)
\Hy@SavedSpaceFactor=\count280
 (c:/texlive/2023/texmf-dist/tex/latex/hyperref/puenc.def
File: puenc.def 2023-10-21 v7.01c Hyperref: PDF Unicode definition (HO)
Now handling font encoding PU ...
... no UTF-8 mapping file for font encoding PU
)
Package hyperref Info: Hyper figures OFF on input line 4168.
Package hyperref Info: Link nesting OFF on input line 4173.
Package hyperref Info: Hyper index ON on input line 4176.
Package hyperref Info: Plain pages OFF on input line 4183.
Package hyperref Info: Backreferencing OFF on input line 4188.
Package hyperref Info: Implicit mode ON; LaTeX internals redefined.
Package hyperref Info: Bookmarks ON on input line 4435.
\c@Hy@tempcnt=\count281
 (c:/texlive/2023/texmf-dist/tex/latex/url/url.sty
\Urlmuskip=\muskip17
Package: url 2013/09/16  ver 3.4  Verb mode for urls, etc.
)
LaTeX Info: Redefining \url on input line 4773.
\XeTeXLinkMargin=\dimen153
 (c:/texlive/2023/texmf-dist/tex/generic/bitset/bitset.sty
Package: bitset 2019/12/09 v1.3 Handle bit-vector datatype (HO)
 (c:/texlive/2023/texmf-dist/tex/generic/bigintcalc/bigintcalc.sty
Package: bigintcalc 2019/12/15 v1.5 Expandable calculations on big integers (HO)
))
\Fld@menulength=\count282
\Field@Width=\dimen154
\Fld@charsize=\dimen155
Package hyperref Info: Hyper figures OFF on input line 6052.
Package hyperref Info: Link nesting OFF on input line 6057.
Package hyperref Info: Hyper index ON on input line 6060.
Package hyperref Info: backreferencing OFF on input line 6067.
Package hyperref Info: Link coloring OFF on input line 6072.
Package hyperref Info: Link coloring with OCG OFF on input line 6077.
Package hyperref Info: PDF/A mode OFF on input line 6082.
 (c:/texlive/2023/texmf-dist/tex/latex/base/atbegshi-ltx.sty
Package: atbegshi-ltx 2021/01/10 v1.0c Emulation of the original atbegshi
package with kernel methods
)
\Hy@abspage=\count283
\c@Item=\count284
\c@Hfootnote=\count285
)
Package hyperref Info: Driver (autodetected): hpdftex.
 (c:/texlive/2023/texmf-dist/tex/latex/hyperref/hpdftex.def
File: hpdftex.def 2023-10-21 v7.01c Hyperref driver for pdfTeX
 (c:/texlive/2023/texmf-dist/tex/latex/base/atveryend-ltx.sty
Package: atveryend-ltx 2020/08/19 v1.0a Emulation of the original atveryend package
with kernel methods
)
\Fld@listcount=\count286
\c@bookmark@seq@number=\count287
 (c:/texlive/2023/texmf-dist/tex/latex/rerunfilecheck/rerunfilecheck.sty
Package: rerunfilecheck 2022-07-10 v1.10 Rerun checks for auxiliary files (HO)
 (c:/texlive/2023/texmf-dist/tex/generic/uniquecounter/uniquecounter.sty
Package: uniquecounter 2019/12/15 v1.4 Provide unlimited unique counter (HO)
)
Package uniquecounter Info: New unique counter `rerunfilecheck' on input line 285.
)
\Hy@SectionHShift=\skip76
) (./Summary.aux)
\openout1 = `Summary.aux'.

LaTeX Font Info:    Checking defaults for OML/cmm/m/it on input line 19.
LaTeX Font Info:    ... okay on input line 19.
LaTeX Font Info:    Checking defaults for OMS/cmsy/m/n on input line 19.
LaTeX Font Info:    ... okay on input line 19.
LaTeX Font Info:    Checking defaults for OT1/cmr/m/n on input line 19.
LaTeX Font Info:    ... okay on input line 19.
LaTeX Font Info:    Checking defaults for T1/cmr/m/n on input line 19.
LaTeX Font Info:    ... okay on input line 19.
LaTeX Font Info:    Checking defaults for TS1/cmr/m/n on input line 19.
LaTeX Font Info:    ... okay on input line 19.
LaTeX Font Info:    Checking defaults for OMX/cmex/m/n on input line 19.
LaTeX Font Info:    ... okay on input line 19.
LaTeX Font Info:    Checking defaults for U/cmr/m/n on input line 19.
LaTeX Font Info:    ... okay on input line 19.
LaTeX Font Info:    Checking defaults for PD1/pdf/m/n on input line 19.
LaTeX Font Info:    ... okay on input line 19.
LaTeX Font Info:    Checking defaults for PU/pdf/m/n on input line 19.
LaTeX Font Info:    ... okay on input line 19.
 (c:/texlive/2023/texmf-dist/tex/context/base/mkii/supp-pdf.mkii
[Loading MPS to PDF converter (version 2006.09.02).]
\scratchcounter=\count288
\scratchdimen=\dimen156
\scratchbox=\box54
\nofMPsegments=\count289
\nofMParguments=\count290
\everyMPshowfont=\toks23
\MPscratchCnt=\count291
\MPscratchDim=\dimen157
\MPnumerator=\count292
\makeMPintoPDFobject=\count293
\everyMPtoPDFconversion=\toks24
) (c:/texlive/2023/texmf-dist/tex/latex/epstopdf-pkg/epstopdf-base.sty
Package: epstopdf-base 2020-01-24 v2.11 Base part for package epstopdf
Package epstopdf-base Info: Redefining graphics rule for `.eps' on input line 485.
 (c:/texlive/2023/texmf-dist/tex/latex/latexconfig/epstopdf-sys.cfg
File: epstopdf-sys.cfg 2010/07/13 v1.3 Configuration of (r)epstopdf for TeX Live
))
Package hyperref Info: Link coloring OFF on input line 19.
 (./Summary.out) (./Summary.out)
\@outlinefile=\write3
\openout3 = `Summary.out'.

LaTeX Font Info:    Trying to load font information for U+msa on input line 22.
 (c:/texlive/2023/texmf-dist/tex/latex/amsfonts/umsa.fd
File: umsa.fd 2013/01/14 v3.01 AMS symbols A
)
LaTeX Font Info:    Trying to load font information for U+msb on input line 22.
 (c:/texlive/2023/texmf-dist/tex/latex/amsfonts/umsb.fd
File: umsb.fd 2013/01/14 v3.01 AMS symbols B
)
<./Image/Data split.png, id=56, 432.4155pt x 237.88875pt>
File: ./Image/Data split.png Graphic file (type png)
<use ./Image/Data split.png>
Package pdftex.def Info: ./Image/Data split.png  used on input line 41.
(pdftex.def)             Requested size: 432.41444pt x 237.88815pt.
 [1{c:/texlive/2023/texmf-var/fonts/map/pdftex/updmap/pdftex.map}

{c:/texlive/2023/texmf-dist/fonts/enc/dvips/cm-super/cm-super-ts1.enc}] [2 <./Image/Data split.png>]
<./Image/Supervised vs Unsupervised.png, id=75, 408.3255pt x 184.2885pt>
File: ./Image/Supervised vs Unsupervised.png Graphic file (type png)
<use ./Image/Supervised vs Unsupervised.png>
Package pdftex.def Info: ./Image/Supervised vs Unsupervised.png  used on input line 90.
(pdftex.def)             Requested size: 408.3245pt x 184.28804pt.
 [3 <./Image/Supervised vs Unsupervised.png>]
LaTeX Font Info:    Trying to load font information for OMS+cmr on input line 124.
 (c:/texlive/2023/texmf-dist/tex/latex/base/omscmr.fd
File: omscmr.fd 2023/04/13 v2.5m Standard LaTeX font definitions
)
LaTeX Font Info:    Font shape `OMS/cmr/m/n' in size <12> not available
(Font)              Font shape `OMS/cmsy/m/n' tried instead on input line 124.
<./Image/2-dim_feature_space_example.png, id=86, 496.85625pt x 142.73325pt>
File: ./Image/2-dim_feature_space_example.png Graphic file (type png)
<use ./Image/2-dim_feature_space_example.png>
Package pdftex.def Info: ./Image/2-dim_feature_space_example.png  used on input line 129.
(pdftex.def)             Requested size: 397.48553pt x 114.18674pt.
 [4 <./Image/2-dim_feature_space_example.png>] [5] [6] [7]
<./Image/Bias_Variance.png, id=117, 498.06075pt x 365.56575pt>
File: ./Image/Bias_Variance.png Graphic file (type png)
<use ./Image/Bias_Variance.png>
Package pdftex.def Info: ./Image/Bias_Variance.png  used on input line 375.
(pdftex.def)             Requested size: 448.25052pt x 329.00612pt.
 [8] [9 <./Image/Bias_Variance.png>]
<./Image/Bias-variance trade-off.png, id=134, 357.13425pt x 169.23225pt>
File: ./Image/Bias-variance trade-off.png Graphic file (type png)
<use ./Image/Bias-variance trade-off.png>
Package pdftex.def Info: ./Image/Bias-variance trade-off.png  used on input line 430.
(pdftex.def)             Requested size: 357.13338pt x 169.23184pt.
 [10 <./Image/Bias-variance trade-off.png>] [11]
<./Image/Basic Sigmoid Funciton.png, id=149, 356.532pt x 257.16075pt>
File: ./Image/Basic Sigmoid Funciton.png Graphic file (type png)
<use ./Image/Basic Sigmoid Funciton.png>
Package pdftex.def Info: ./Image/Basic Sigmoid Funciton.png  used on input line 541.
(pdftex.def)             Requested size: 356.53111pt x 257.16011pt.
 [12 <./Image/Basic Sigmoid Funciton.png>]
<./Image/Boundary Hyperplane.png, id=158, 410.7345pt x 130.086pt>
File: ./Image/Boundary Hyperplane.png Graphic file (type png)
<use ./Image/Boundary Hyperplane.png>
Package pdftex.def Info: ./Image/Boundary Hyperplane.png  used on input line 594.
(pdftex.def)             Requested size: 410.73349pt x 130.08566pt.
 [13]
<./Image/Joint probability of supervision critiria.png, id=164, 458.9145pt x 112.0185pt>
File: ./Image/Joint probability of supervision critiria.png Graphic file (type png)
<use ./Image/Joint probability of supervision critiria.png>
Package pdftex.def Info: ./Image/Joint probability of supervision critiria.png  used on input line 633.
(pdftex.def)             Requested size: 413.01923pt x 100.81569pt.
 [14 <./Image/Boundary Hyperplane.png> <./Image/Joint probability of supervision critiria.png>]
<./Image/cross entropy.png, id=172, 363.759pt x 249.93375pt>
File: ./Image/cross entropy.png Graphic file (type png)
<use ./Image/cross entropy.png>
Package pdftex.def Info: ./Image/cross entropy.png  used on input line 655.
(pdftex.def)             Requested size: 363.75812pt x 249.93314pt.
<Image/Gradient descent.png, id=174, 377.0085pt x 127.677pt>
File: Image/Gradient descent.png Graphic file (type png)
<use Image/Gradient descent.png>
Package pdftex.def Info: Image/Gradient descent.png  used on input line 673.
(pdftex.def)             Requested size: 377.00757pt x 127.67668pt.
 [15 <./Image/cross entropy.png>]
<./Image/learning rate for gradient descent.png, id=182, 167.4255pt x 81.30376pt>
File: ./Image/learning rate for gradient descent.png Graphic file (type png)
<use ./Image/learning rate for gradient descent.png>
Package pdftex.def Info: ./Image/learning rate for gradient descent.png  used on input line 682.
(pdftex.def)             Requested size: 167.42508pt x 81.30354pt.
 [16 <./Image/Gradient descent.png> <./Image/learning rate for gradient descent.png>]
<Image/Multinomial logistic regression.png, id=191, 264.38776pt x 121.05225pt>
File: Image/Multinomial logistic regression.png Graphic file (type png)
<use Image/Multinomial logistic regression.png>
Package pdftex.def Info: Image/Multinomial logistic regression.png  used on input line 721.
(pdftex.def)             Requested size: 264.3871pt x 121.05194pt.
 [17 <./Image/Multinomial logistic regression.png>]
<Image/Metrics to evaluate models.png, id=200, 218.61674pt x 63.8385pt>
File: Image/Metrics to evaluate models.png Graphic file (type png)
<use Image/Metrics to evaluate models.png>
Package pdftex.def Info: Image/Metrics to evaluate models.png  used on input line 754.
(pdftex.def)             Requested size: 218.6162pt x 63.83833pt.
<./Image/Confusion matrix 2 class.png, id=201, 345.08925pt x 240.29774pt>
File: ./Image/Confusion matrix 2 class.png Graphic file (type png)
<use ./Image/Confusion matrix 2 class.png>
Package pdftex.def Info: ./Image/Confusion matrix 2 class.png  used on input line 779.
(pdftex.def)             Requested size: 345.08841pt x 240.29715pt.
 [18 <./Image/Metrics to evaluate models.png>]
<./Image/Confusion matrix.png, id=210, 242.70676pt x 185.493pt>
File: ./Image/Confusion matrix.png Graphic file (type png)
<use ./Image/Confusion matrix.png>
Package pdftex.def Info: ./Image/Confusion matrix.png  used on input line 781.
(pdftex.def)             Requested size: 242.70615pt x 185.49254pt.
<./Image/ROC curve.png, id=211, 320.397pt x 252.34274pt>
File: ./Image/ROC curve.png Graphic file (type png)
<use ./Image/ROC curve.png>
Package pdftex.def Info: ./Image/ROC curve.png  used on input line 788.
(pdftex.def)             Requested size: 320.39621pt x 252.34212pt.
 [19 <./Image/Confusion matrix 2 class.png> <./Image/Confusion matrix.png>]
File: ./Image/Data split.png Graphic file (type png)
<use ./Image/Data split.png>
Package pdftex.def Info: ./Image/Data split.png  used on input line 807.
(pdftex.def)             Requested size: 432.41444pt x 237.88815pt.
 [20 <./Image/ROC curve.png>]
<./Image/K group cross validation.png, id=226, 337.26pt x 343.88475pt>
File: ./Image/K group cross validation.png Graphic file (type png)
<use ./Image/K group cross validation.png>
Package pdftex.def Info: ./Image/K group cross validation.png  used on input line 820.
(pdftex.def)             Requested size: 337.25917pt x 343.88391pt.
 [21]
<./Image/Leave-Out-Out Cross_Validation.png, id=231, 250.536pt x 143.3355pt>
File: ./Image/Leave-Out-Out Cross_Validation.png Graphic file (type png)
<use ./Image/Leave-Out-Out Cross_Validation.png>
Package pdftex.def Info: ./Image/Leave-Out-Out Cross_Validation.png  used on input line 825.
(pdftex.def)             Requested size: 250.53537pt x 143.33513pt.
 [22 <./Image/K group cross validation.png> <./Image/Leave-Out-Out Cross_Validation.png>]
<./Image/K fold Cross-Validation.png, id=238, 298.716pt x 174.6525pt>
File: ./Image/K fold Cross-Validation.png Graphic file (type png)
<use ./Image/K fold Cross-Validation.png>
Package pdftex.def Info: ./Image/K fold Cross-Validation.png  used on input line 852.
(pdftex.def)             Requested size: 298.71526pt x 174.65207pt.
 [23 <./Image/K fold Cross-Validation.png>]
<./Image/Bayesian.png, id=245, 206.57175pt x 105.996pt>
File: ./Image/Bayesian.png Graphic file (type png)
<use ./Image/Bayesian.png>
Package pdftex.def Info: ./Image/Bayesian.png  used on input line 889.
(pdftex.def)             Requested size: 206.57123pt x 105.99573pt.

Overfull \hbox (15.68846pt too wide) detected at line 904
\OML/cmm/m/it/12 Pr\OT1/cmr/m/n/12 ((\OML/cmm/m/it/12 C \OT1/cmr/m/n/12 = \OML/cmm/m/it/12 c[]\OT1/cmr/m/n/12 )\OMS/cmsy/m/n/12 j\OT1/cmr/m/n/12 (\OML/cmm/m/it/12 A[] \OT1/cmr/m/n/12 = \OML/cmm/m/it/12 a[]; A[] \OT1/cmr/m/n/12 = \OML/cmm/m/it/12 a[]; [] ; A[] \OT1/cmr/m/n/12 = \OML/cmm/m/it/12 a[]\OT1/cmr/m/n/12 )) = []
 []

[24 <./Image/Bayesian.png>]
<./Image/Bayesian example.png, id=252, 80.7015pt x 186.6975pt>
File: ./Image/Bayesian example.png Graphic file (type png)
<use ./Image/Bayesian example.png>
Package pdftex.def Info: ./Image/Bayesian example.png  used on input line 925.
(pdftex.def)             Requested size: 80.70131pt x 186.69704pt.
 [25 <./Image/Bayesian example.png>]
<./Image/SVM toy example.png, id=260, 337.86224pt x 107.2005pt>
File: ./Image/SVM toy example.png Graphic file (type png)
<use ./Image/SVM toy example.png>
Package pdftex.def Info: ./Image/SVM toy example.png  used on input line 959.
(pdftex.def)             Requested size: 337.8614pt x 107.20023pt.
 [26 <./Image/SVM toy example.png>]
<./Image/Support vector.png, id=268, 360.1455pt x 163.20975pt>
File: ./Image/Support vector.png Graphic file (type png)
<use ./Image/Support vector.png>
Package pdftex.def Info: ./Image/Support vector.png  used on input line 1019.
(pdftex.def)             Requested size: 360.1446pt x 163.20934pt.
 [27 <./Image/Support vector.png>]
<./Image/KKT conditions.png, id=278, 392.06474pt x 228.855pt>
File: ./Image/KKT conditions.png Graphic file (type png)
<use ./Image/KKT conditions.png>
Package pdftex.def Info: ./Image/KKT conditions.png  used on input line 1058.
(pdftex.def)             Requested size: 392.06378pt x 228.85443pt.
 [28 <./Image/KKT conditions.png>]
<./Image/Soft-Margin SVM penalty function.png, id=286, 377.0085pt x 213.79875pt>
File: ./Image/Soft-Margin SVM penalty function.png Graphic file (type png)
<use ./Image/Soft-Margin SVM penalty function.png>
Package pdftex.def Info: ./Image/Soft-Margin SVM penalty function.png  used on input line 1124.
(pdftex.def)             Requested size: 377.00757pt x 213.79822pt.
 [29]
<./Image/2D to 3D example.png, id=294, 281.25075pt x 103.587pt>
File: ./Image/2D to 3D example.png Graphic file (type png)
<use ./Image/2D to 3D example.png>
Package pdftex.def Info: ./Image/2D to 3D example.png  used on input line 1150.
(pdftex.def)             Requested size: 281.25005pt x 103.58675pt.
 [30 <./Image/Soft-Margin SVM penalty function.png>]
<./Image/Polynomial Kernel.png, id=304, 407.121pt x 148.75575pt>
File: ./Image/Polynomial Kernel.png Graphic file (type png)
<use ./Image/Polynomial Kernel.png>
Package pdftex.def Info: ./Image/Polynomial Kernel.png  used on input line 1161.
(pdftex.def)             Requested size: 407.12001pt x 148.75537pt.
<./Image/Kernel space in SVM.png, id=306, 398.6895pt x 170.43675pt>
File: ./Image/Kernel space in SVM.png Graphic file (type png)
<use ./Image/Kernel space in SVM.png>
Package pdftex.def Info: ./Image/Kernel space in SVM.png  used on input line 1172.
(pdftex.def)             Requested size: 398.68852pt x 170.43631pt.
 [31 <./Image/2D to 3D example.png> <./Image/Polynomial Kernel.png>] [32 <./Image/Kernel space in SVM.png>] [33]
<./Image/Impurity measuring equations.png, id=334, 307.1475pt x 190.311pt>
File: ./Image/Impurity measuring equations.png Graphic file (type png)
<use ./Image/Impurity measuring equations.png>
Package pdftex.def Info: ./Image/Impurity measuring equations.png  used on input line 1305.
(pdftex.def)             Requested size: 307.14674pt x 190.31052pt.
 [34]
<./Image/Impurity Measure Graph.png, id=341, 301.72725pt x 168.63pt>
File: ./Image/Impurity Measure Graph.png Graphic file (type png)
<use ./Image/Impurity Measure Graph.png>
Package pdftex.def Info: ./Image/Impurity Measure Graph.png  used on input line 1307.
(pdftex.def)             Requested size: 301.7265pt x 168.62958pt.
<./Image/Bagging and Boosting.png, id=343, 351.714pt x 207.77625pt>
File: ./Image/Bagging and Boosting.png Graphic file (type png)
<use ./Image/Bagging and Boosting.png>
Package pdftex.def Info: ./Image/Bagging and Boosting.png  used on input line 1310.
(pdftex.def)             Requested size: 351.71315pt x 207.77573pt.
 [35 <./Image/Impurity measuring equations.png> <./Image/Impurity Measure Graph.png>] [36 <./Image/Bagging and Boosting.png>]
<./Image/Boosting example.png, id=364, 320.99925pt x 189.70876pt>
File: ./Image/Boosting example.png Graphic file (type png)
<use ./Image/Boosting example.png>
Package pdftex.def Info: ./Image/Boosting example.png  used on input line 1371.
(pdftex.def)             Requested size: 320.99846pt x 189.70828pt.
 [37]
<./Image/Out of bag estimate.png, id=377, 299.31825pt x 149.358pt>
File: ./Image/Out of bag estimate.png Graphic file (type png)
<use ./Image/Out of bag estimate.png>
Package pdftex.def Info: ./Image/Out of bag estimate.png  used on input line 1391.
(pdftex.def)             Requested size: 299.31752pt x 149.35762pt.
 [38 <./Image/Boosting example.png> <./Image/Out of bag estimate.png>] [39] [40] [41]
<Image/KNN tunning K.jpg, id=415, 552.56438pt x 255.95625pt>
File: Image/KNN tunning K.jpg Graphic file (type jpg)
<use Image/KNN tunning K.jpg>
Package pdftex.def Info: Image/KNN tunning K.jpg  used on input line 1521.
(pdftex.def)             Requested size: 386.79242pt x 179.16814pt.
 [42]
<Image/Clustering basics example.png, id=428, 494.44725pt x 74.679pt>
File: Image/Clustering basics example.png Graphic file (type png)
<use Image/Clustering basics example.png>
Package pdftex.def Info: Image/Clustering basics example.png  used on input line 1537.
(pdftex.def)             Requested size: 395.55833pt x 59.74326pt.
 [43 <./Image/Clustering basics example.png> <./Image/KNN tunning K.jpg>] [44]
<Image/K means comparison unglobular shape.png, id=451, 238.491pt x 141.52875pt>
File: Image/K means comparison unglobular shape.png Graphic file (type png)
<use Image/K means comparison unglobular shape.png>
Package pdftex.def Info: Image/K means comparison unglobular shape.png  used on input line 1604.
(pdftex.def)             Requested size: 238.4904pt x 141.5284pt.
<Image/DBSCAN V.S. K-Means.png, id=452, 502.87875pt x 60.82726pt>
File: Image/DBSCAN V.S. K-Means.png Graphic file (type png)
<use Image/DBSCAN V.S. K-Means.png>
Package pdftex.def Info: Image/DBSCAN V.S. K-Means.png  used on input line 1617.
(pdftex.def)             Requested size: 402.30354pt x 48.66187pt.
 [45 <./Image/K means comparison unglobular shape.png> <./Image/DBSCAN V.S. K-Means.png>] [46]
<Image/Classifier performance V.S. Dimensionality.jpg, id=477, 421.575pt x 273.27094pt>
File: Image/Classifier performance V.S. Dimensionality.jpg Graphic file (type jpg)
<use Image/Classifier performance V.S. Dimensionality.jpg>
Package pdftex.def Info: Image/Classifier performance V.S. Dimensionality.jpg  used on input line 1686.
(pdftex.def)             Requested size: 421.57396pt x 273.27025pt.
 [47] [48 <./Image/Classifier performance V.S. Dimensionality.jpg>]
<Image/Projection to reduce dimensionality example.jpg, id=498, 374.90062pt x 277.035pt>
File: Image/Projection to reduce dimensionality example.jpg Graphic file (type jpg)
<use Image/Projection to reduce dimensionality example.jpg>
Package pdftex.def Info: Image/Projection to reduce dimensionality example.jpg  used on input line 1721.
(pdftex.def)             Requested size: 374.8997pt x 277.03432pt.
 [49 <./Image/Projection to reduce dimensionality example.jpg>] (./Summary.aux)
 ***********
LaTeX2e <2023-06-01> patch level 1
L3 programming layer <2023-10-23>
 ***********
Package rerunfilecheck Info: File `Summary.out' has not changed.
(rerunfilecheck)             Checksum: A3E5FB737C679B25467E3188085E734B;2111.
 ) 
Here is how much of TeX's memory you used:
 10816 strings out of 474397
 173452 string characters out of 5754184
 1941036 words of memory out of 5000000
 32579 multiletter control sequences out of 15000+600000
 568423 words of font info for 75 fonts, out of 8000000 for 9000
 1141 hyphenation exceptions out of 8191
 79i,11n,93p,391b,611s stack positions out of 10000i,1000n,20000p,200000b,200000s
<c:/texlive/2023/texmf-dist/fonts/type1/public/amsfonts/cm/cmbx12.pfb><c:/texlive/2023/texmf-dist/fonts/type1/public/amsfonts/cm/cmex10.pfb><c:/texlive/2023/texmf-dist/fonts/type1/public/amsfonts/cmextra/cmex8.pfb><c:/texlive/2023/texmf-dist/fonts/type1/public/amsfonts/cm/cmmi12.pfb><c:/texlive/2023/texmf-dist/fonts/type1/public/amsfonts/cm/cmmi6.pfb><c:/texlive/2023/texmf-dist/fonts/type1/public/amsfonts/cm/cmmi8.pfb><c:/texlive/2023/texmf-dist/fonts/type1/public/amsfonts/cm/cmr12.pfb><c:/texlive/2023/texmf-dist/fonts/type1/public/amsfonts/cm/cmr17.pfb><c:/texlive/2023/texmf-dist/fonts/type1/public/amsfonts/cm/cmr6.pfb><c:/texlive/2023/texmf-dist/fonts/type1/public/amsfonts/cm/cmr8.pfb><c:/texlive/2023/texmf-dist/fonts/type1/public/amsfonts/cm/cmss12.pfb><c:/texlive/2023/texmf-dist/fonts/type1/public/amsfonts/cm/cmsy10.pfb><c:/texlive/2023/texmf-dist/fonts/type1/public/amsfonts/cm/cmsy6.pfb><c:/texlive/2023/texmf-dist/fonts/type1/public/amsfonts/cm/cmsy8.pfb><c:/texlive/2023/texmf-dist/fonts/type1/public/amsfonts/cm/cmti12.pfb><c:/texlive/2023/texmf-dist/fonts/type1/public/amsfonts/symbols/msbm10.pfb><c:/texlive/2023/texmf-dist/fonts/type1/public/cm-super/sfrm1200.pfb>
Output written on Summary.pdf (49 pages, 2962690 bytes).
PDF statistics:
 619 PDF objects out of 1000 (max. 8388607)
 435 compressed objects within 5 object streams
 174 named destinations out of 1000 (max. 500000)
 414 words of extra memory for PDF output out of 10000 (max. 10000000)

